This is pdfTeX, Version 3.141592653-2.6-1.40.24 (TeX Live 2022) (preloaded format=pdflatex 2022.10.3)  3 OCT 2022 21:42
entering extended mode
 restricted \write18 enabled.
 %&-line parsing enabled.
**codebook_template.tex
(./codebook_template.tex
LaTeX2e <2022-06-01> patch level 5
L3 programming layer <2022-09-28> (c:/Users/gavin/AppData/Roaming/TinyTeX/texmf-dist/tex/latex/base/article.cls
Document Class: article 2021/10/04 v1.4n Standard LaTeX document class
(c:/Users/gavin/AppData/Roaming/TinyTeX/texmf-dist/tex/latex/base/size10.clo
File: size10.clo 2021/10/04 v1.4n Standard LaTeX file (size option)
)
\c@part=\count185
\c@section=\count186
\c@subsection=\count187
\c@subsubsection=\count188
\c@paragraph=\count189
\c@subparagraph=\count190
\c@figure=\count191
\c@table=\count192
\abovecaptionskip=\skip47
\belowcaptionskip=\skip48
\bibindent=\dimen138
) (c:/Users/gavin/AppData/Roaming/TinyTeX/texmf-dist/tex/latex/amsmath/amsmath.sty
Package: amsmath 2022/04/08 v2.17n AMS math features
\@mathmargin=\skip49
For additional information on amsmath, use the `?' option.
(c:/Users/gavin/AppData/Roaming/TinyTeX/texmf-dist/tex/latex/amsmath/amstext.sty
Package: amstext 2021/08/26 v2.01 AMS text
(c:/Users/gavin/AppData/Roaming/TinyTeX/texmf-dist/tex/latex/amsmath/amsgen.sty
File: amsgen.sty 1999/11/30 v2.0 generic functions
\@emptytoks=\toks16
\ex@=\dimen139
)) (c:/Users/gavin/AppData/Roaming/TinyTeX/texmf-dist/tex/latex/amsmath/amsbsy.sty
Package: amsbsy 1999/11/29 v1.2d Bold Symbols
\pmbraise@=\dimen140
) (c:/Users/gavin/AppData/Roaming/TinyTeX/texmf-dist/tex/latex/amsmath/amsopn.sty
Package: amsopn 2022/04/08 v2.04 operator names
)
\inf@bad=\count193
LaTeX Info: Redefining \frac on input line 234.
\uproot@=\count194
\leftroot@=\count195
LaTeX Info: Redefining \overline on input line 399.
LaTeX Info: Redefining \colon on input line 410.
\classnum@=\count196
\DOTSCASE@=\count197
LaTeX Info: Redefining \ldots on input line 496.
LaTeX Info: Redefining \dots on input line 499.
LaTeX Info: Redefining \cdots on input line 620.
\Mathstrutbox@=\box51
\strutbox@=\box52
LaTeX Info: Redefining \big on input line 722.
LaTeX Info: Redefining \Big on input line 723.
LaTeX Info: Redefining \bigg on input line 724.
LaTeX Info: Redefining \Bigg on input line 725.
\big@size=\dimen141
LaTeX Font Info:    Redeclaring font encoding OML on input line 743.
LaTeX Font Info:    Redeclaring font encoding OMS on input line 744.
\macc@depth=\count198
LaTeX Info: Redefining \bmod on input line 905.
LaTeX Info: Redefining \pmod on input line 910.
LaTeX Info: Redefining \smash on input line 940.
LaTeX Info: Redefining \relbar on input line 970.
LaTeX Info: Redefining \Relbar on input line 971.
\c@MaxMatrixCols=\count199
\dotsspace@=\muskip16
\c@parentequation=\count266
\dspbrk@lvl=\count267
\tag@help=\toks17
\row@=\count268
\column@=\count269
\maxfields@=\count270
\andhelp@=\toks18
\eqnshift@=\dimen142
\alignsep@=\dimen143
\tagshift@=\dimen144
\tagwidth@=\dimen145
\totwidth@=\dimen146
\lineht@=\dimen147
\@envbody=\toks19
\multlinegap=\skip50
\multlinetaggap=\skip51
\mathdisplay@stack=\toks20
LaTeX Info: Redefining \[ on input line 2953.
LaTeX Info: Redefining \] on input line 2954.
) (c:/Users/gavin/AppData/Roaming/TinyTeX/texmf-dist/tex/latex/amsfonts/amssymb.sty
Package: amssymb 2013/01/14 v3.01 AMS font symbols
(c:/Users/gavin/AppData/Roaming/TinyTeX/texmf-dist/tex/latex/amsfonts/amsfonts.sty
Package: amsfonts 2013/01/14 v3.01 Basic AMSFonts support
\symAMSa=\mathgroup4
\symAMSb=\mathgroup5
LaTeX Font Info:    Redeclaring math symbol \hbar on input line 98.
LaTeX Font Info:    Overwriting math alphabet `\mathfrak' in version `bold'
(Font)                  U/euf/m/n --> U/euf/b/n on input line 106.
)) (c:/Users/gavin/AppData/Roaming/TinyTeX/texmf-dist/tex/latex/lm/lmodern.sty
Package: lmodern 2015/05/01 v1.6.1 Latin Modern Fonts
LaTeX Font Info:    Overwriting symbol font `operators' in version `normal'
(Font)                  OT1/cmr/m/n --> OT1/lmr/m/n on input line 22.
LaTeX Font Info:    Overwriting symbol font `letters' in version `normal'
(Font)                  OML/cmm/m/it --> OML/lmm/m/it on input line 23.
LaTeX Font Info:    Overwriting symbol font `symbols' in version `normal'
(Font)                  OMS/cmsy/m/n --> OMS/lmsy/m/n on input line 24.
LaTeX Font Info:    Overwriting symbol font `largesymbols' in version `normal'
(Font)                  OMX/cmex/m/n --> OMX/lmex/m/n on input line 25.
LaTeX Font Info:    Overwriting symbol font `operators' in version `bold'
(Font)                  OT1/cmr/bx/n --> OT1/lmr/bx/n on input line 26.
LaTeX Font Info:    Overwriting symbol font `letters' in version `bold'
(Font)                  OML/cmm/b/it --> OML/lmm/b/it on input line 27.
LaTeX Font Info:    Overwriting symbol font `symbols' in version `bold'
(Font)                  OMS/cmsy/b/n --> OMS/lmsy/b/n on input line 28.
LaTeX Font Info:    Overwriting symbol font `largesymbols' in version `bold'
(Font)                  OMX/cmex/m/n --> OMX/lmex/m/n on input line 29.
LaTeX Font Info:    Overwriting math alphabet `\mathbf' in version `normal'
(Font)                  OT1/cmr/bx/n --> OT1/lmr/bx/n on input line 31.
LaTeX Font Info:    Overwriting math alphabet `\mathsf' in version `normal'
(Font)                  OT1/cmss/m/n --> OT1/lmss/m/n on input line 32.
LaTeX Font Info:    Overwriting math alphabet `\mathit' in version `normal'
(Font)                  OT1/cmr/m/it --> OT1/lmr/m/it on input line 33.
LaTeX Font Info:    Overwriting math alphabet `\mathtt' in version `normal'
(Font)                  OT1/cmtt/m/n --> OT1/lmtt/m/n on input line 34.
LaTeX Font Info:    Overwriting math alphabet `\mathbf' in version `bold'
(Font)                  OT1/cmr/bx/n --> OT1/lmr/bx/n on input line 35.
LaTeX Font Info:    Overwriting math alphabet `\mathsf' in version `bold'
(Font)                  OT1/cmss/bx/n --> OT1/lmss/bx/n on input line 36.
LaTeX Font Info:    Overwriting math alphabet `\mathit' in version `bold'
(Font)                  OT1/cmr/bx/it --> OT1/lmr/bx/it on input line 37.
LaTeX Font Info:    Overwriting math alphabet `\mathtt' in version `bold'
(Font)                  OT1/cmtt/m/n --> OT1/lmtt/m/n on input line 38.
) (c:/Users/gavin/AppData/Roaming/TinyTeX/texmf-dist/tex/generic/iftex/iftex.sty
Package: iftex 2022/02/03 v1.0f TeX engine tests
) (c:/Users/gavin/AppData/Roaming/TinyTeX/texmf-dist/tex/latex/base/fontenc.sty
Package: fontenc 2021/04/29 v2.0v Standard LaTeX package
LaTeX Font Info:    Trying to load font information for T1+lmr on input line 112.
(c:/Users/gavin/AppData/Roaming/TinyTeX/texmf-dist/tex/latex/lm/t1lmr.fd
File: t1lmr.fd 2015/05/01 v1.6.1 Font defs for Latin Modern
)) (c:/Users/gavin/AppData/Roaming/TinyTeX/texmf-dist/tex/latex/base/inputenc.sty
Package: inputenc 2021/02/14 v1.3d Input encoding file
\inpenc@prehook=\toks21
\inpenc@posthook=\toks22
) (c:/Users/gavin/AppData/Roaming/TinyTeX/texmf-dist/tex/latex/base/textcomp.sty
Package: textcomp 2020/02/02 v2.0n Standard LaTeX package
) (c:/Users/gavin/AppData/Roaming/TinyTeX/texmf-dist/tex/latex/xcolor/xcolor.sty
Package: xcolor 2022/06/12 v2.14 LaTeX color extensions (UK)
(c:/Users/gavin/AppData/Roaming/TinyTeX/texmf-dist/tex/latex/graphics-cfg/color.cfg
File: color.cfg 2016/01/02 v1.6 sample color configuration
)
Package xcolor Info: Driver file: pdftex.def on input line 227.
(c:/Users/gavin/AppData/Roaming/TinyTeX/texmf-dist/tex/latex/graphics-def/pdftex.def
File: pdftex.def 2022/09/22 v1.2b Graphics/color driver for pdftex
\stockwidth=\dimen148
\stockheight=\dimen149
) (c:/Users/gavin/AppData/Roaming/TinyTeX/texmf-dist/tex/latex/graphics/mathcolor.ltx)
Package xcolor Info: Model `cmy' substituted by `cmy0' on input line 1353.
Package xcolor Info: Model `hsb' substituted by `rgb' on input line 1357.
Package xcolor Info: Model `RGB' extended on input line 1369.
Package xcolor Info: Model `HTML' substituted by `rgb' on input line 1371.
Package xcolor Info: Model `Hsb' substituted by `hsb' on input line 1372.
Package xcolor Info: Model `tHsb' substituted by `hsb' on input line 1373.
Package xcolor Info: Model `HSB' substituted by `hsb' on input line 1374.
Package xcolor Info: Model `Gray' substituted by `gray' on input line 1375.
Package xcolor Info: Model `wave' substituted by `hsb' on input line 1376.
) (c:/Users/gavin/AppData/Roaming/TinyTeX/texmf-dist/tex/latex/geometry/geometry.sty
Package: geometry 2020/01/02 v5.9 Page Geometry
(c:/Users/gavin/AppData/Roaming/TinyTeX/texmf-dist/tex/latex/graphics/keyval.sty
Package: keyval 2022/05/29 v1.15 key=value parser (DPC)
\KV@toks@=\toks23
) (c:/Users/gavin/AppData/Roaming/TinyTeX/texmf-dist/tex/generic/iftex/ifvtex.sty
Package: ifvtex 2019/10/25 v1.7 ifvtex legacy package. Use iftex instead.
)
\Gm@cnth=\count271
\Gm@cntv=\count272
\c@Gm@tempcnt=\count273
\Gm@bindingoffset=\dimen150
\Gm@wd@mp=\dimen151
\Gm@odd@mp=\dimen152
\Gm@even@mp=\dimen153
\Gm@layoutwidth=\dimen154
\Gm@layoutheight=\dimen155
\Gm@layouthoffset=\dimen156
\Gm@layoutvoffset=\dimen157
\Gm@dimlist=\toks24
) (c:/Users/gavin/AppData/Roaming/TinyTeX/texmf-dist/tex/latex/graphics/graphicx.sty
Package: graphicx 2021/09/16 v1.2d Enhanced LaTeX Graphics (DPC,SPQR)
(c:/Users/gavin/AppData/Roaming/TinyTeX/texmf-dist/tex/latex/graphics/graphics.sty
Package: graphics 2022/03/10 v1.4e Standard LaTeX Graphics (DPC,SPQR)
(c:/Users/gavin/AppData/Roaming/TinyTeX/texmf-dist/tex/latex/graphics/trig.sty
Package: trig 2021/08/11 v1.11 sin cos tan (DPC)
) (c:/Users/gavin/AppData/Roaming/TinyTeX/texmf-dist/tex/latex/graphics-cfg/graphics.cfg
File: graphics.cfg 2016/06/04 v1.11 sample graphics configuration
)
Package graphics Info: Driver file: pdftex.def on input line 107.
)
\Gin@req@height=\dimen158
\Gin@req@width=\dimen159
) (c:/Users/gavin/AppData/Roaming/TinyTeX/texmf-dist/tex/latex/tools/array.sty
Package: array 2022/03/10 v2.5f Tabular extension package (FMi)
\col@sep=\dimen160
\ar@mcellbox=\box53
\extrarowheight=\dimen161
\NC@list=\toks25
\extratabsurround=\skip52
\backup@length=\skip53
\ar@cellbox=\box54
) (c:/Users/gavin/AppData/Roaming/TinyTeX/texmf-dist/tex/latex/caption/caption.sty
Package: caption 2022/03/01 v3.6b Customizing captions (AR)
(c:/Users/gavin/AppData/Roaming/TinyTeX/texmf-dist/tex/latex/caption/caption3.sty
Package: caption3 2022/03/17 v2.3b caption3 kernel (AR)
\caption@tempdima=\dimen162
\captionmargin=\dimen163
\caption@leftmargin=\dimen164
\caption@rightmargin=\dimen165
\caption@width=\dimen166
\caption@indent=\dimen167
\caption@parindent=\dimen168
\caption@hangindent=\dimen169
Package caption Info: Standard document class detected.
)
\c@caption@flags=\count274
\c@continuedfloat=\count275
) (c:/Users/gavin/AppData/Roaming/TinyTeX/texmf-dist/tex/latex/siunitx/siunitx.sty
Package: siunitx 2022-09-07 v3.1.7 A comprehensive (SI) units package
\l__siunitx_angle_tmp_dim=\dimen170
\l__siunitx_angle_marker_box=\box55
\l__siunitx_angle_unit_box=\box56
\l__siunitx_compound_count_int=\count276
\l__siunitx_number_exponent_fixed_int=\count277
\l__siunitx_number_min_decimal_int=\count278
\l__siunitx_number_min_integer_int=\count279
\l__siunitx_number_round_precision_int=\count280
\l__siunitx_number_group_first_int=\count281
\l__siunitx_number_group_size_int=\count282
\l__siunitx_number_group_minimum_int=\count283
\l__siunitx_table_tmp_box=\box57
\l__siunitx_table_tmp_dim=\dimen171
\l__siunitx_table_column_width_dim=\dimen172
\l__siunitx_table_integer_box=\box58
\l__siunitx_table_decimal_box=\box59
\l__siunitx_table_before_box=\box60
\l__siunitx_table_after_box=\box61
\l__siunitx_table_before_dim=\dimen173
\l__siunitx_table_carry_dim=\dimen174
\l__siunitx_unit_tmp_int=\count284
\l__siunitx_unit_position_int=\count285
\l__siunitx_unit_total_int=\count286
) (c:/Users/gavin/AppData/Roaming/TinyTeX/texmf-dist/tex/latex/colortbl/colortbl.sty
Package: colortbl 2022/06/20 v1.0f Color table columns (DPC)
\everycr=\toks26
\minrowclearance=\skip54
\rownum=\count287
) (c:/Users/gavin/AppData/Roaming/TinyTeX/texmf-dist/tex/latex/multirow/multirow.sty
Package: multirow 2021/03/15 v2.8 Span multiple rows of a table
\multirow@colwidth=\skip55
\multirow@cntb=\count288
\multirow@dima=\skip56
\bigstrutjot=\dimen175
) (c:/Users/gavin/AppData/Roaming/TinyTeX/texmf-dist/tex/latex/tools/hhline.sty
Package: hhline 2020/01/04 v2.04 Table rule package (DPC)
) (c:/Users/gavin/AppData/Roaming/TinyTeX/texmf-dist/tex/latex/tools/calc.sty
Package: calc 2017/05/25 v4.3 Infix arithmetic (KKT,FJ)
\calc@Acount=\count289
\calc@Bcount=\count290
\calc@Adimen=\dimen176
\calc@Bdimen=\dimen177
\calc@Askip=\skip57
\calc@Bskip=\skip58
LaTeX Info: Redefining \setlength on input line 80.
LaTeX Info: Redefining \addtolength on input line 81.
\calc@Ccount=\count291
\calc@Cskip=\skip59
) (c:/Users/gavin/AppData/Roaming/TinyTeX/texmf-dist/tex/latex/threeparttable/threeparttable.sty
Package: threeparttable 2003/06/13  v 3.0
\@tempboxb=\box62
) (c:/Users/gavin/AppData/Roaming/TinyTeX/texmf-dist/tex/latex/tools/tabularx.sty
Package: tabularx 2020/01/15 v2.11c `tabularx' package (DPC)
\TX@col@width=\dimen178
\TX@old@table=\dimen179
\TX@old@col=\dimen180
\TX@target=\dimen181
\TX@delta=\dimen182
\TX@cols=\count292
\TX@ftn=\toks27
) (c:/Users/gavin/AppData/Roaming/TinyTeX/texmf-dist/tex/latex/wrapfig/wrapfig.sty
\wrapoverhang=\dimen183
\WF@size=\dimen184
\c@WF@wrappedlines=\count293
\WF@box=\box63
\WF@everypar=\toks28
Package: wrapfig 2003/01/31  v 3.6
) (c:/Users/gavin/AppData/Roaming/TinyTeX/texmf-dist/tex/latex/hyperref/hyperref.sty
Package: hyperref 2022-09-22 v7.00t Hypertext links for LaTeX
(c:/Users/gavin/AppData/Roaming/TinyTeX/texmf-dist/tex/generic/ltxcmds/ltxcmds.sty
Package: ltxcmds 2020-05-10 v1.25 LaTeX kernel commands for general use (HO)
) (c:/Users/gavin/AppData/Roaming/TinyTeX/texmf-dist/tex/generic/pdftexcmds/pdftexcmds.sty
Package: pdftexcmds 2020-06-27 v0.33 Utility functions of pdfTeX for LuaTeX (HO)
(c:/Users/gavin/AppData/Roaming/TinyTeX/texmf-dist/tex/generic/infwarerr/infwarerr.sty
Package: infwarerr 2019/12/03 v1.5 Providing info/warning/error messages (HO)
)
Package pdftexcmds Info: \pdf@primitive is available.
Package pdftexcmds Info: \pdf@ifprimitive is available.
Package pdftexcmds Info: \pdfdraftmode found.
) (c:/Users/gavin/AppData/Roaming/TinyTeX/texmf-dist/tex/generic/kvsetkeys/kvsetkeys.sty
Package: kvsetkeys 2019/12/15 v1.18 Key value parser (HO)
) (c:/Users/gavin/AppData/Roaming/TinyTeX/texmf-dist/tex/generic/kvdefinekeys/kvdefinekeys.sty
Package: kvdefinekeys 2019-12-19 v1.6 Define keys (HO)
) (c:/Users/gavin/AppData/Roaming/TinyTeX/texmf-dist/tex/generic/pdfescape/pdfescape.sty
Package: pdfescape 2019/12/09 v1.15 Implements pdfTeX's escape features (HO)
) (c:/Users/gavin/AppData/Roaming/TinyTeX/texmf-dist/tex/latex/hycolor/hycolor.sty
Package: hycolor 2020-01-27 v1.10 Color options for hyperref/bookmark (HO)
) (c:/Users/gavin/AppData/Roaming/TinyTeX/texmf-dist/tex/latex/letltxmacro/letltxmacro.sty
Package: letltxmacro 2019/12/03 v1.6 Let assignment for LaTeX macros (HO)
) (c:/Users/gavin/AppData/Roaming/TinyTeX/texmf-dist/tex/latex/auxhook/auxhook.sty
Package: auxhook 2019-12-17 v1.6 Hooks for auxiliary files (HO)
) (c:/Users/gavin/AppData/Roaming/TinyTeX/texmf-dist/tex/latex/hyperref/nameref.sty
Package: nameref 2022-05-17 v2.50 Cross-referencing by name of section
(c:/Users/gavin/AppData/Roaming/TinyTeX/texmf-dist/tex/latex/refcount/refcount.sty
Package: refcount 2019/12/15 v3.6 Data extraction from label references (HO)
) (c:/Users/gavin/AppData/Roaming/TinyTeX/texmf-dist/tex/generic/gettitlestring/gettitlestring.sty
Package: gettitlestring 2019/12/15 v1.6 Cleanup title references (HO)
(c:/Users/gavin/AppData/Roaming/TinyTeX/texmf-dist/tex/latex/kvoptions/kvoptions.sty
Package: kvoptions 2022-06-15 v3.15 Key value format for package options (HO)
))
\c@section@level=\count294
)
\@linkdim=\dimen185
\Hy@linkcounter=\count295
\Hy@pagecounter=\count296
(c:/Users/gavin/AppData/Roaming/TinyTeX/texmf-dist/tex/latex/hyperref/pd1enc.def
File: pd1enc.def 2022-09-22 v7.00t Hyperref: PDFDocEncoding definition (HO)
Now handling font encoding PD1 ...
... no UTF-8 mapping file for font encoding PD1
) (c:/Users/gavin/AppData/Roaming/TinyTeX/texmf-dist/tex/generic/intcalc/intcalc.sty
Package: intcalc 2019/12/15 v1.3 Expandable calculations with integers (HO)
) (c:/Users/gavin/AppData/Roaming/TinyTeX/texmf-dist/tex/generic/etexcmds/etexcmds.sty
Package: etexcmds 2019/12/15 v1.7 Avoid name clashes with e-TeX commands (HO)
)
\Hy@SavedSpaceFactor=\count297
(c:/Users/gavin/AppData/Roaming/TinyTeX/texmf-dist/tex/latex/hyperref/puenc.def
File: puenc.def 2022-09-22 v7.00t Hyperref: PDF Unicode definition (HO)
Now handling font encoding PU ...
... no UTF-8 mapping file for font encoding PU
)
Package hyperref Info: Option `unicode' set `true' on input line 4045.
Package hyperref Info: Hyper figures OFF on input line 4162.
Package hyperref Info: Link nesting OFF on input line 4167.
Package hyperref Info: Hyper index ON on input line 4170.
Package hyperref Info: Plain pages OFF on input line 4177.
Package hyperref Info: Backreferencing OFF on input line 4182.
Package hyperref Info: Implicit mode ON; LaTeX internals redefined.
Package hyperref Info: Bookmarks ON on input line 4410.
\c@Hy@tempcnt=\count298
(c:/Users/gavin/AppData/Roaming/TinyTeX/texmf-dist/tex/latex/url/url.sty
\Urlmuskip=\muskip17
Package: url 2013/09/16  ver 3.4  Verb mode for urls, etc.
)
LaTeX Info: Redefining \url on input line 4748.
\XeTeXLinkMargin=\dimen186
(c:/Users/gavin/AppData/Roaming/TinyTeX/texmf-dist/tex/generic/bitset/bitset.sty
Package: bitset 2019/12/09 v1.3 Handle bit-vector datatype (HO)
(c:/Users/gavin/AppData/Roaming/TinyTeX/texmf-dist/tex/generic/bigintcalc/bigintcalc.sty
Package: bigintcalc 2019/12/15 v1.5 Expandable calculations on big integers (HO)
))
\Fld@menulength=\count299
\Field@Width=\dimen187
\Fld@charsize=\dimen188
Package hyperref Info: Hyper figures OFF on input line 6027.
Package hyperref Info: Link nesting OFF on input line 6032.
Package hyperref Info: Hyper index ON on input line 6035.
Package hyperref Info: backreferencing OFF on input line 6042.
Package hyperref Info: Link coloring OFF on input line 6047.
Package hyperref Info: Link coloring with OCG OFF on input line 6052.
Package hyperref Info: PDF/A mode OFF on input line 6057.
(c:/Users/gavin/AppData/Roaming/TinyTeX/texmf-dist/tex/latex/base/atbegshi-ltx.sty
Package: atbegshi-ltx 2021/01/10 v1.0c Emulation of the original atbegshi
package with kernel methods
)
\Hy@abspage=\count300
\c@Item=\count301
\c@Hfootnote=\count302
)
Package hyperref Info: Driver (autodetected): hpdftex.
(c:/Users/gavin/AppData/Roaming/TinyTeX/texmf-dist/tex/latex/hyperref/hpdftex.def
File: hpdftex.def 2022-09-22 v7.00t Hyperref driver for pdfTeX
(c:/Users/gavin/AppData/Roaming/TinyTeX/texmf-dist/tex/latex/base/atveryend-ltx.sty
Package: atveryend-ltx 2020/08/19 v1.0a Emulation of the original atveryend package
with kernel methods
)
\Fld@listcount=\count303
\c@bookmark@seq@number=\count304
(c:/Users/gavin/AppData/Roaming/TinyTeX/texmf-dist/tex/latex/rerunfilecheck/rerunfilecheck.sty
Package: rerunfilecheck 2022-07-10 v1.10 Rerun checks for auxiliary files (HO)
(c:/Users/gavin/AppData/Roaming/TinyTeX/texmf-dist/tex/generic/uniquecounter/uniquecounter.sty
Package: uniquecounter 2019/12/15 v1.4 Provide unlimited unique counter (HO)
)
Package uniquecounter Info: New unique counter `rerunfilecheck' on input line 285.
)
\Hy@SectionHShift=\skip60
) (c:/Users/gavin/AppData/Roaming/TinyTeX/texmf-dist/tex/latex/placeins/placeins.sty
Package: placeins 2005/04/18  v 2.2
) (c:/Users/gavin/AppData/Roaming/TinyTeX/texmf-dist/tex/latex/booktabs/booktabs.sty
Package: booktabs 2020/01/12 v1.61803398 Publication quality tables
\heavyrulewidth=\dimen189
\lightrulewidth=\dimen190
\cmidrulewidth=\dimen191
\belowrulesep=\dimen192
\belowbottomsep=\dimen193
\aboverulesep=\dimen194
\abovetopsep=\dimen195
\cmidrulesep=\dimen196
\cmidrulekern=\dimen197
\defaultaddspace=\dimen198
\@cmidla=\count305
\@cmidlb=\count306
\@aboverulesep=\dimen199
\@belowrulesep=\dimen256
\@thisruleclass=\count307
\@lastruleclass=\count308
\@thisrulewidth=\dimen257
) (c:/Users/gavin/AppData/Roaming/TinyTeX/texmf-dist/tex/latex/tools/longtable.sty
Package: longtable 2021-09-01 v4.17 Multi-page Table package (DPC)
\LTleft=\skip61
\LTright=\skip62
\LTpre=\skip63
\LTpost=\skip64
\LTchunksize=\count309
\LTcapwidth=\dimen258
\LT@head=\box64
\LT@firsthead=\box65
\LT@foot=\box66
\LT@lastfoot=\box67
\LT@gbox=\box68
\LT@cols=\count310
\LT@rows=\count311
\c@LT@tables=\count312
\c@LT@chunks=\count313
\LT@p@ftn=\toks29
) (c:/Users/gavin/AppData/Roaming/TinyTeX/texmf-dist/tex/latex/float/float.sty
Package: float 2001/11/08 v1.3d Float enhancements (AL)
\c@float@type=\count314
\float@exts=\toks30
\float@box=\box69
\@float@everytoks=\toks31
\@floatcapt=\box70
) (c:/Users/gavin/AppData/Roaming/TinyTeX/texmf-dist/tex/latex/pdflscape/pdflscape.sty
Package: pdflscape 2019/12/05 v0.12 Display of landscape pages in PDF (HO)
(c:/Users/gavin/AppData/Roaming/TinyTeX/texmf-dist/tex/latex/graphics/lscape.sty
Package: lscape 2020/05/28 v3.02 Landscape Pages (DPC)
)
Package pdflscape Info: Auto-detected driver: pdftex on input line 81.
) (c:/Users/gavin/AppData/Roaming/TinyTeX/texmf-dist/tex/latex/tabu/tabu.sty
Package: tabu 2019/01/11 v2.9 - flexible LaTeX tabulars (FC+tabu-fixed)
(c:/Users/gavin/AppData/Roaming/TinyTeX/texmf-dist/tex/latex/varwidth/varwidth.sty
Package: varwidth 2009/03/30 ver 0.92;  Variable-width minipages
\@vwid@box=\box71
\sift@deathcycles=\count315
\@vwid@loff=\dimen259
\@vwid@roff=\dimen260
)
\c@taburow=\count316
\tabu@nbcols=\count317
\tabu@cnt=\count318
\tabu@Xcol=\count319
\tabu@alloc=\count320
\tabu@nested=\count321
\tabu@target=\dimen261
\tabu@spreadtarget=\dimen262
\tabu@naturalX=\dimen263
\tabucolX=\dimen264
\tabu@Xsum=\dimen265
\extrarowdepth=\dimen266
\abovetabulinesep=\dimen267
\belowtabulinesep=\dimen268
\tabustrutrule=\dimen269
\tabu@thebody=\toks32
\tabu@footnotes=\toks33
\tabu@box=\box72
\tabu@arstrutbox=\box73
\tabu@hleads=\box74
\tabu@vleads=\box75
\tabu@cellskip=\skip65
) (c:/Users/gavin/AppData/Roaming/TinyTeX/texmf-dist/tex/latex/threeparttablex/threeparttablex.sty
Package: threeparttablex 2013/07/23 v0.3 by daleif
(c:/Users/gavin/AppData/Roaming/TinyTeX/texmf-dist/tex/latex/environ/environ.sty
Package: environ 2014/05/04 v0.3 A new way to define environments
(c:/Users/gavin/AppData/Roaming/TinyTeX/texmf-dist/tex/latex/trimspaces/trimspaces.sty
Package: trimspaces 2009/09/17 v1.1 Trim spaces around a token list
))
\TPTL@width=\skip66
) (c:/Users/gavin/AppData/Roaming/TinyTeX/texmf-dist/tex/generic/ulem/ulem.sty
\UL@box=\box76
\UL@hyphenbox=\box77
\UL@skip=\skip67
\UL@hook=\toks34
\UL@height=\dimen270
\UL@pe=\count322
\UL@pixel=\dimen271
\ULC@box=\box78
Package: ulem 2019/11/18
\ULdepth=\dimen272
) (c:/Users/gavin/AppData/Roaming/TinyTeX/texmf-dist/tex/latex/makecell/makecell.sty
Package: makecell 2009/08/03 V0.1e Managing of Tab Column Heads and Cells
\rotheadsize=\dimen273
\c@nlinenum=\count323
\TeXr@lab=\toks35
) (c:/Users/gavin/AppData/Roaming/TinyTeX/texmf-dist/tex/latex/l3backend/l3backend-pdftex.def
File: l3backend-pdftex.def 2022-09-28 L3 backend support: PDF output (pdfTeX)
\l__color_backend_stack_int=\count324
\l__pdf_internal_box=\box79
) (./codebook_template.aux)
\openout1 = `codebook_template.aux'.

LaTeX Font Info:    Checking defaults for OML/cmm/m/it on input line 89.
LaTeX Font Info:    ... okay on input line 89.
LaTeX Font Info:    Checking defaults for OMS/cmsy/m/n on input line 89.
LaTeX Font Info:    ... okay on input line 89.
LaTeX Font Info:    Checking defaults for OT1/cmr/m/n on input line 89.
LaTeX Font Info:    ... okay on input line 89.
LaTeX Font Info:    Checking defaults for T1/cmr/m/n on input line 89.
LaTeX Font Info:    ... okay on input line 89.
LaTeX Font Info:    Checking defaults for TS1/cmr/m/n on input line 89.
LaTeX Font Info:    ... okay on input line 89.
LaTeX Font Info:    Checking defaults for OMX/cmex/m/n on input line 89.
LaTeX Font Info:    ... okay on input line 89.
LaTeX Font Info:    Checking defaults for U/cmr/m/n on input line 89.
LaTeX Font Info:    ... okay on input line 89.
LaTeX Font Info:    Checking defaults for PD1/pdf/m/n on input line 89.
LaTeX Font Info:    ... okay on input line 89.
LaTeX Font Info:    Checking defaults for PU/pdf/m/n on input line 89.
LaTeX Font Info:    ... okay on input line 89.
(c:/Users/gavin/AppData/Roaming/TinyTeX/texmf-dist/tex/latex/epstopdf-pkg/epstopdf-base.sty
Package: epstopdf-base 2020-01-24 v2.11 Base part for package epstopdf
Package epstopdf-base Info: Redefining graphics rule for `.eps' on input line 485.
(c:/Users/gavin/AppData/Roaming/TinyTeX/texmf-dist/tex/latex/latexconfig/epstopdf-sys.cfg
File: epstopdf-sys.cfg 2010/07/13 v1.3 Configuration of (r)epstopdf for TeX Live
))
*geometry* driver: auto-detecting
*geometry* detected driver: pdftex
*geometry* verbose mode - [ preamble ] result:
* driver: pdftex
* paper: <default>
* layout: <same size as paper>
* layoutoffset:(h,v)=(0.0pt,0.0pt)
* modes: 
* h-part:(L,W,R)=(28.45274pt, 557.38951pt, 28.45274pt)
* v-part:(T,H,B)=(28.45274pt, 738.0645pt, 28.45274pt)
* \paperwidth=614.295pt
* \paperheight=794.96999pt
* \textwidth=557.38951pt
* \textheight=738.0645pt
* \oddsidemargin=-43.81725pt
* \evensidemargin=-43.81725pt
* \topmargin=-80.81725pt
* \headheight=12.0pt
* \headsep=25.0pt
* \topskip=10.0pt
* \footskip=30.0pt
* \marginparwidth=65.0pt
* \marginparsep=11.0pt
* \columnsep=10.0pt
* \skip\footins=9.0pt plus 4.0pt minus 2.0pt
* \hoffset=0.0pt
* \voffset=0.0pt
* \mag=1000
* \@twocolumnfalse
* \@twosidefalse
* \@mparswitchfalse
* \@reversemarginfalse
* (1in=72.27pt=25.4mm, 1cm=28.453pt)

Package caption Info: Begin \AtBeginDocument code.
Package caption Info: float package is loaded.
Package caption Info: hyperref package is loaded.
Package caption Info: longtable package is loaded.
(c:/Users/gavin/AppData/Roaming/TinyTeX/texmf-dist/tex/latex/caption/ltcaption.sty
Package: ltcaption 2021/01/08 v1.4c longtable captions (AR)
)
Package caption Info: threeparttable package is loaded.
Package caption Info: wrapfig package is loaded.
Package caption Info: End \AtBeginDocument code.
Package hyperref Info: Link coloring OFF on input line 89.
(./codebook_template.out) (./codebook_template.out)
\@outlinefile=\write3
\openout3 = `codebook_template.out'.

*geometry* verbose mode - [ newgeometry ] result:
* driver: pdftex
* paper: <default>
* layout: <same size as paper>
* layoutoffset:(h,v)=(0.0pt,0.0pt)
* modes: 
* h-part:(L,W,R)=(71.13188pt, 486.25761pt, 56.9055pt)
* v-part:(T,H,B)=(95.39737pt, 614.21436pt, 85.35826pt)
* \paperwidth=614.295pt
* \paperheight=794.96999pt
* \textwidth=486.25761pt
* \textheight=614.21436pt
* \oddsidemargin=-1.1381pt
* \evensidemargin=-1.1381pt
* \topmargin=-13.87262pt
* \headheight=12.0pt
* \headsep=25.0pt
* \topskip=10.0pt
* \footskip=30.0pt
* \marginparwidth=65.0pt
* \marginparsep=11.0pt
* \columnsep=10.0pt
* \skip\footins=9.0pt plus 4.0pt minus 2.0pt
* \hoffset=0.0pt
* \voffset=0.0pt
* \mag=1000
* \@twocolumnfalse
* \@twosidefalse
* \@mparswitchfalse
* \@reversemarginfalse
* (1in=72.27pt=25.4mm, 1cm=28.453pt)

LaTeX Font Info:    Trying to load font information for T1+lmtt on input line 141.
(c:/Users/gavin/AppData/Roaming/TinyTeX/texmf-dist/tex/latex/lm/t1lmtt.fd
File: t1lmtt.fd 2015/05/01 v1.6.1 Font defs for Latin Modern
) [1


{c:/Users/gavin/AppData/Roaming/TinyTeX/texmf-var/fonts/map/pdftex/updmap/pdftex.map}]
*geometry* verbose mode - [ newgeometry ] result:
* driver: pdftex
* paper: <default>
* layout: <same size as paper>
* layoutoffset:(h,v)=(0.0pt,0.0pt)
* modes: 
* h-part:(L,W,R)=(71.13188pt, 486.25761pt, 56.9055pt)
* v-part:(T,H,B)=(95.39737pt, 614.21436pt, 85.35826pt)
* \paperwidth=614.295pt
* \paperheight=794.96999pt
* \textwidth=486.25761pt
* \textheight=614.21436pt
* \oddsidemargin=-1.1381pt
* \evensidemargin=-1.1381pt
* \topmargin=-13.87262pt
* \headheight=12.0pt
* \headsep=25.0pt
* \topskip=10.0pt
* \footskip=30.0pt
* \marginparwidth=65.0pt
* \marginparsep=11.0pt
* \columnsep=10.0pt
* \skip\footins=9.0pt plus 4.0pt minus 2.0pt
* \hoffset=0.0pt
* \voffset=0.0pt
* \mag=1000
* \@twocolumnfalse
* \@twosidefalse
* \@mparswitchfalse
* \@reversemarginfalse
* (1in=72.27pt=25.4mm, 1cm=28.453pt)

(c:/Users/gavin/AppData/Roaming/TinyTeX/texmf-dist/tex/latex/lm/ot1lmr.fd) (c:/Users/gavin/AppData/Roaming/TinyTeX/texmf-dist/tex/latex/lm/omllmm.fd) (c:/Users/gavin/AppData/Roaming/TinyTeX/texmf-dist/tex/latex/lm/omslmsy.fd) (c:/Users/gavin/AppData/Roaming/TinyTeX/texmf-dist/tex/latex/lm/omxlmex.fd) (c:/Users/gavin/AppData/Roaming/TinyTeX/texmf-dist/tex/latex/amsfonts/umsa.fd) (c:/Users/gavin/AppData/Roaming/TinyTeX/texmf-dist/tex/latex/amsfonts/umsb.fd)

LaTeX Warning: Reference `help_pos' on page 1 undefined on input line 424.


LaTeX Warning: Reference `q7_26' on page 1 undefined on input line 424.


LaTeX Warning: Reference `q7_27' on page 1 undefined on input line 424.


LaTeX Warning: Reference `q7_28' on page 1 undefined on input line 424.


LaTeX Warning: Reference `q7_29' on page 1 undefined on input line 424.


LaTeX Warning: Reference `q7_30' on page 1 undefined on input line 424.


LaTeX Warning: Reference `q7_31' on page 1 undefined on input line 424.


LaTeX Warning: Reference `q7_32' on page 1 undefined on input line 424.


LaTeX Warning: Reference `q7_33' on page 1 undefined on input line 424.


LaTeX Warning: Reference `q7_34' on page 1 undefined on input line 424.


LaTeX Warning: Reference `q7_35' on page 1 undefined on input line 424.


LaTeX Warning: Reference `q7_36' on page 1 undefined on input line 424.


LaTeX Warning: Reference `q7_37' on page 1 undefined on input line 424.


LaTeX Warning: Reference `q7_38' on page 1 undefined on input line 424.


LaTeX Warning: Reference `q7_39' on page 1 undefined on input line 424.


LaTeX Warning: Reference `q7_40' on page 1 undefined on input line 424.


LaTeX Warning: Reference `q7_41' on page 1 undefined on input line 424.


LaTeX Warning: Reference `q7_42' on page 1 undefined on input line 424.


LaTeX Warning: Reference `q7_43' on page 1 undefined on input line 424.


LaTeX Warning: Reference `q7_44' on page 1 undefined on input line 424.


LaTeX Warning: Reference `q7_45' on page 1 undefined on input line 424.


Overfull \hbox (5.55252pt too wide) in paragraph at lines 424--424
[][]\T1/lmr/m/n/10 parent_index[]  
 []


LaTeX Warning: Reference `parent_index' on page 1 undefined on input line 424.


Overfull \hbox (9.5796pt too wide) in paragraph at lines 424--424
[][]\T1/lmr/m/n/10 submission_id[]  
 []


LaTeX Warning: Reference `submission_id' on page 1 undefined on input line 424.


LaTeX Warning: Reference `NA' on page 1 undefined on input line 424.


LaTeX Warning: Reference `NA' on page 1 undefined on input line 424.


LaTeX Warning: Reference `NA' on page 1 undefined on input line 424.


LaTeX Warning: Reference `NA' on page 1 undefined on input line 424.


LaTeX Warning: Reference `NA' on page 1 undefined on input line 424.


LaTeX Warning: Reference `NA' on page 1 undefined on input line 424.


LaTeX Warning: Reference `NA' on page 1 undefined on input line 424.


LaTeX Warning: Reference `NA' on page 1 undefined on input line 424.


Overfull \hbox (40.0pt too wide) in alignment at lines 424--424
[][][] 
 []


pdfTeX warning (ext4): destination with the same identifier (name{page.1}) has been already used, duplicate ignored
<to be read again> 
                   \relax 
l.708 \end{tabularx}
                     [1


]
Overfull \vbox (369.88678pt too high) has occurred while \output is active []

[2]

LaTeX Warning: Reference `NA' on page 3 undefined on input line 708.


LaTeX Warning: Reference `NA' on page 3 undefined on input line 708.


LaTeX Warning: Reference `NA' on page 3 undefined on input line 708.


LaTeX Warning: Reference `NA' on page 3 undefined on input line 708.


LaTeX Warning: Reference `NA' on page 3 undefined on input line 708.


LaTeX Warning: Reference `NA' on page 3 undefined on input line 708.


LaTeX Warning: Reference `NA' on page 3 undefined on input line 708.


LaTeX Warning: Reference `NA' on page 3 undefined on input line 708.


LaTeX Warning: Reference `NA' on page 3 undefined on input line 708.


LaTeX Warning: Reference `NA' on page 3 undefined on input line 708.


LaTeX Warning: Reference `NA' on page 3 undefined on input line 708.


LaTeX Warning: Reference `NA' on page 3 undefined on input line 708.


LaTeX Warning: Reference `NA' on page 3 undefined on input line 708.


LaTeX Warning: Reference `NA' on page 3 undefined on input line 708.


LaTeX Warning: Reference `NA' on page 3 undefined on input line 708.


LaTeX Warning: Reference `NA' on page 3 undefined on input line 708.


LaTeX Warning: Reference `NA' on page 3 undefined on input line 708.


LaTeX Warning: Reference `NA' on page 3 undefined on input line 708.


LaTeX Warning: Reference `NA' on page 3 undefined on input line 708.


LaTeX Warning: Reference `NA' on page 3 undefined on input line 708.


LaTeX Warning: Reference `NA' on page 3 undefined on input line 708.


LaTeX Warning: Reference `NA' on page 3 undefined on input line 708.


LaTeX Warning: Reference `NA' on page 3 undefined on input line 708.


LaTeX Warning: Reference `NA' on page 3 undefined on input line 708.


LaTeX Warning: Reference `NA' on page 3 undefined on input line 708.


LaTeX Warning: Reference `NA' on page 3 undefined on input line 708.


LaTeX Warning: Reference `NA' on page 3 undefined on input line 708.


LaTeX Warning: Reference `NA' on page 3 undefined on input line 708.


LaTeX Warning: Reference `NA' on page 3 undefined on input line 708.


LaTeX Warning: Reference `NA' on page 3 undefined on input line 708.


LaTeX Warning: Reference `NA' on page 3 undefined on input line 708.


LaTeX Warning: Reference `NA' on page 3 undefined on input line 708.


LaTeX Warning: Reference `NA' on page 3 undefined on input line 708.


Overfull \hbox (40.0pt too wide) in alignment at lines 708--708
[][][] 
 []


LaTeX Warning: Reference `NA' on page 3 undefined on input line 992.


LaTeX Warning: Reference `NA' on page 3 undefined on input line 992.


LaTeX Warning: Reference `NA' on page 3 undefined on input line 992.


LaTeX Warning: Reference `NA' on page 3 undefined on input line 992.


LaTeX Warning: Reference `NA' on page 3 undefined on input line 992.


LaTeX Warning: Reference `NA' on page 3 undefined on input line 992.


LaTeX Warning: Reference `NA' on page 3 undefined on input line 992.


LaTeX Warning: Reference `NA' on page 3 undefined on input line 992.


LaTeX Warning: Reference `NA' on page 3 undefined on input line 992.


LaTeX Warning: Reference `NA' on page 3 undefined on input line 992.


LaTeX Warning: Reference `NA' on page 3 undefined on input line 992.


LaTeX Warning: Reference `NA' on page 3 undefined on input line 992.


LaTeX Warning: Reference `NA' on page 3 undefined on input line 992.


LaTeX Warning: Reference `NA' on page 3 undefined on input line 992.


LaTeX Warning: Reference `NA' on page 3 undefined on input line 992.


LaTeX Warning: Reference `NA' on page 3 undefined on input line 992.


LaTeX Warning: Reference `NA' on page 3 undefined on input line 992.


LaTeX Warning: Reference `NA' on page 3 undefined on input line 992.


LaTeX Warning: Reference `NA' on page 3 undefined on input line 992.


LaTeX Warning: Reference `NA' on page 3 undefined on input line 992.


LaTeX Warning: Reference `NA' on page 3 undefined on input line 992.


LaTeX Warning: Reference `NA' on page 3 undefined on input line 992.


LaTeX Warning: Reference `NA' on page 3 undefined on input line 992.


LaTeX Warning: Reference `NA' on page 3 undefined on input line 992.


LaTeX Warning: Reference `NA' on page 3 undefined on input line 992.


LaTeX Warning: Reference `NA' on page 3 undefined on input line 992.


LaTeX Warning: Reference `NA' on page 3 undefined on input line 992.


LaTeX Warning: Reference `NA' on page 3 undefined on input line 992.


LaTeX Warning: Reference `NA' on page 3 undefined on input line 992.


LaTeX Warning: Reference `NA' on page 3 undefined on input line 992.


LaTeX Warning: Reference `NA' on page 3 undefined on input line 992.


LaTeX Warning: Reference `NA' on page 3 undefined on input line 992.


LaTeX Warning: Reference `NA' on page 3 undefined on input line 992.


Overfull \hbox (40.0pt too wide) in alignment at lines 992--992
[][][] 
 []

[3]

LaTeX Warning: Reference `NA' on page 4 undefined on input line 1260.


LaTeX Warning: Reference `NA' on page 4 undefined on input line 1260.


LaTeX Warning: Reference `NA' on page 4 undefined on input line 1260.


LaTeX Warning: Reference `NA' on page 4 undefined on input line 1260.


LaTeX Warning: Reference `NA' on page 4 undefined on input line 1260.


LaTeX Warning: Reference `NA' on page 4 undefined on input line 1260.


LaTeX Warning: Reference `NA' on page 4 undefined on input line 1260.


LaTeX Warning: Reference `NA' on page 4 undefined on input line 1260.


LaTeX Warning: Reference `NA' on page 4 undefined on input line 1260.


LaTeX Warning: Reference `NA' on page 4 undefined on input line 1260.


LaTeX Warning: Reference `NA' on page 4 undefined on input line 1260.


LaTeX Warning: Reference `NA' on page 4 undefined on input line 1260.


LaTeX Warning: Reference `NA' on page 4 undefined on input line 1260.


LaTeX Warning: Reference `NA' on page 4 undefined on input line 1260.


LaTeX Warning: Reference `NA' on page 4 undefined on input line 1260.


LaTeX Warning: Reference `NA' on page 4 undefined on input line 1260.


LaTeX Warning: Reference `NA' on page 4 undefined on input line 1260.


LaTeX Warning: Reference `NA' on page 4 undefined on input line 1260.


LaTeX Warning: Reference `NA' on page 4 undefined on input line 1260.


LaTeX Warning: Reference `NA' on page 4 undefined on input line 1260.


LaTeX Warning: Reference `NA' on page 4 undefined on input line 1260.


LaTeX Warning: Reference `NA' on page 4 undefined on input line 1260.


LaTeX Warning: Reference `NA' on page 4 undefined on input line 1260.


LaTeX Warning: Reference `NA' on page 4 undefined on input line 1260.


LaTeX Warning: Reference `NA' on page 4 undefined on input line 1260.


LaTeX Warning: Reference `NA' on page 4 undefined on input line 1260.


LaTeX Warning: Reference `NA' on page 4 undefined on input line 1260.


LaTeX Warning: Reference `NA' on page 4 undefined on input line 1260.


LaTeX Warning: Reference `NA' on page 4 undefined on input line 1260.


LaTeX Warning: Reference `NA' on page 4 undefined on input line 1260.


LaTeX Warning: Reference `NA' on page 4 undefined on input line 1260.


Overfull \hbox (40.0pt too wide) in alignment at lines 1260--1260
[][][] 
 []

[4]

LaTeX Warning: Reference `NA' on page 5 undefined on input line 1544.


LaTeX Warning: Reference `NA' on page 5 undefined on input line 1544.


LaTeX Warning: Reference `NA' on page 5 undefined on input line 1544.


LaTeX Warning: Reference `NA' on page 5 undefined on input line 1544.


LaTeX Warning: Reference `NA' on page 5 undefined on input line 1544.


LaTeX Warning: Reference `NA' on page 5 undefined on input line 1544.


LaTeX Warning: Reference `NA' on page 5 undefined on input line 1544.


LaTeX Warning: Reference `NA' on page 5 undefined on input line 1544.


LaTeX Warning: Reference `NA' on page 5 undefined on input line 1544.


LaTeX Warning: Reference `NA' on page 5 undefined on input line 1544.


LaTeX Warning: Reference `NA' on page 5 undefined on input line 1544.


LaTeX Warning: Reference `NA' on page 5 undefined on input line 1544.


LaTeX Warning: Reference `NA' on page 5 undefined on input line 1544.


LaTeX Warning: Reference `NA' on page 5 undefined on input line 1544.


LaTeX Warning: Reference `NA' on page 5 undefined on input line 1544.


LaTeX Warning: Reference `NA' on page 5 undefined on input line 1544.


LaTeX Warning: Reference `NA' on page 5 undefined on input line 1544.


LaTeX Warning: Reference `NA' on page 5 undefined on input line 1544.


LaTeX Warning: Reference `NA' on page 5 undefined on input line 1544.


LaTeX Warning: Reference `NA' on page 5 undefined on input line 1544.


LaTeX Warning: Reference `NA' on page 5 undefined on input line 1544.


LaTeX Warning: Reference `NA' on page 5 undefined on input line 1544.


LaTeX Warning: Reference `NA' on page 5 undefined on input line 1544.


LaTeX Warning: Reference `NA' on page 5 undefined on input line 1544.


LaTeX Warning: Reference `NA' on page 5 undefined on input line 1544.


LaTeX Warning: Reference `NA' on page 5 undefined on input line 1544.


LaTeX Warning: Reference `NA' on page 5 undefined on input line 1544.


LaTeX Warning: Reference `NA' on page 5 undefined on input line 1544.


LaTeX Warning: Reference `NA' on page 5 undefined on input line 1544.


LaTeX Warning: Reference `NA' on page 5 undefined on input line 1544.


LaTeX Warning: Reference `NA' on page 5 undefined on input line 1544.


LaTeX Warning: Reference `NA' on page 5 undefined on input line 1544.


LaTeX Warning: Reference `NA' on page 5 undefined on input line 1544.


Overfull \hbox (40.0pt too wide) in alignment at lines 1544--1544
[][][] 
 []

[5] [6]
Overfull \hbox (6.0pt too wide) in paragraph at lines 1554--1555
[][][][][][][] 
 []


Overfull \hbox (6.0pt too wide) in paragraph at lines 1560--1561
[][][][][][][] 
 []

<codebook_template_files/figure-latex/help_pos_rainplot-1.pdf, id=42, 385.44pt x 57.21375pt>
File: codebook_template_files/figure-latex/help_pos_rainplot-1.pdf Graphic file (type pdf)
<use codebook_template_files/figure-latex/help_pos_rainplot-1.pdf>
Package pdftex.def Info: codebook_template_files/figure-latex/help_pos_rainplot-1.pdf  used on input line 1613.
(pdftex.def)             Requested size: 385.4567pt x 57.2162pt.

Underfull \hbox (badness 10000) in paragraph at lines 1606--1617
[][][]
 []


Underfull \hbox (badness 10000) in paragraph at lines 1618--1629
[][][]
 []


Overfull \hbox (66.01187pt too wide) in alignment at lines 1667--1667
[][][][][] 
 []


Overfull \hbox (52.99997pt too wide) in alignment at lines 1697--1697
[][][][] 
 []


Overfull \hbox (6.0pt too wide) in paragraph at lines 1706--1707
[][][][][][][] 
 []


Overfull \hbox (6.0pt too wide) in paragraph at lines 1712--1713
[][][][][][][] 
 []


Overfull \hbox (52.99998pt too wide) in alignment at lines 1786--1786
[][][][] 
 []


Underfull \hbox (badness 10000) in paragraph at lines 1758--1790
[][][]
 []


Overfull \hbox (1.52516pt too wide) in paragraph at lines 1836--1836
[][][]\T1/lmr/bx/n/10 Valid[][]  
 []


Overfull \hbox (3.65065pt too wide) in paragraph at lines 1836--1836
[][][]\T1/lmr/bx/n/10 Invalid[][]  
 []


Overfull \hbox (7.17198pt too wide) in paragraph at lines 1836--1836
[][][]\T1/lmr/bx/n/10 Median[][]  
 []


Overfull \hbox (0.84596pt too wide) in paragraph at lines 1836--1836
[][][]\T1/lmr/bx/n/10 NA's[][]  
 []


Overfull \hbox (4.0679pt too wide) in paragraph at lines 1836--1836
[][][]\T1/lmr/bx/n/10 Mode[][]  
 []


Overfull \hbox (154.57849pt too wide) in alignment at lines 1836--1836
[][][][][][][][][] 
 []


Overfull \hbox (6.0pt too wide) in paragraph at lines 1845--1846
[][][][][][][] 
 []


Overfull \hbox (6.0pt too wide) in paragraph at lines 1851--1852
[][][][][][][] 
 []

<codebook_template_files/figure-latex/q7_26_rainplot-1.pdf, id=43, 385.44pt x 57.21375pt>
File: codebook_template_files/figure-latex/q7_26_rainplot-1.pdf Graphic file (type pdf)
<use codebook_template_files/figure-latex/q7_26_rainplot-1.pdf>
Package pdftex.def Info: codebook_template_files/figure-latex/q7_26_rainplot-1.pdf  used on input line 1906.
(pdftex.def)             Requested size: 385.4567pt x 57.2162pt.

Underfull \hbox (badness 10000) in paragraph at lines 1899--1910
[][][]
 []


Underfull \hbox (badness 10000) in paragraph at lines 1911--1922
[][][]
 []


Overfull \hbox (66.01187pt too wide) in alignment at lines 1960--1960
[][][][][] 
 []


Overfull \hbox (52.99997pt too wide) in alignment at lines 1990--1990
[][][][] 
 []


Overfull \hbox (6.0pt too wide) in paragraph at lines 1999--2000
[][][][][][][] 
 []


Overfull \hbox (6.0pt too wide) in paragraph at lines 2005--2006
[][][][][][][] 
 []

[7

 <./codebook_template_files/figure-latex/help_pos_rainplot-1.pdf> <./codebook_template_files/figure-latex/q7_26_rainplot-1.pdf>]
<codebook_template_files/figure-latex/q7_27_rainplot-1.pdf, id=70, 385.44pt x 57.21375pt>
File: codebook_template_files/figure-latex/q7_27_rainplot-1.pdf Graphic file (type pdf)
<use codebook_template_files/figure-latex/q7_27_rainplot-1.pdf>
Package pdftex.def Info: codebook_template_files/figure-latex/q7_27_rainplot-1.pdf  used on input line 2060.
(pdftex.def)             Requested size: 385.4567pt x 57.2162pt.

Underfull \hbox (badness 10000) in paragraph at lines 2053--2064
[][][]
 []


Underfull \hbox (badness 10000) in paragraph at lines 2065--2076
[][][]
 []


Overfull \hbox (66.01187pt too wide) in alignment at lines 2114--2114
[][][][][] 
 []


Overfull \hbox (52.99997pt too wide) in alignment at lines 2144--2144
[][][][] 
 []


Overfull \hbox (6.0pt too wide) in paragraph at lines 2153--2154
[][][][][][][] 
 []


Overfull \hbox (6.0pt too wide) in paragraph at lines 2159--2160
[][][][][][][] 
 []

<codebook_template_files/figure-latex/q7_28_rainplot-1.pdf, id=71, 385.44pt x 57.21375pt>
File: codebook_template_files/figure-latex/q7_28_rainplot-1.pdf Graphic file (type pdf)
<use codebook_template_files/figure-latex/q7_28_rainplot-1.pdf>
Package pdftex.def Info: codebook_template_files/figure-latex/q7_28_rainplot-1.pdf  used on input line 2214.
(pdftex.def)             Requested size: 385.4567pt x 57.2162pt.

Underfull \hbox (badness 10000) in paragraph at lines 2207--2218
[][][]
 []


Underfull \hbox (badness 10000) in paragraph at lines 2219--2230
[][][]
 []


Overfull \hbox (66.01187pt too wide) in alignment at lines 2268--2268
[][][][][] 
 []


Overfull \hbox (52.99997pt too wide) in alignment at lines 2298--2298
[][][][] 
 []


Overfull \hbox (6.0pt too wide) in paragraph at lines 2307--2308
[][][][][][][] 
 []


Overfull \hbox (6.0pt too wide) in paragraph at lines 2313--2314
[][][][][][][] 
 []

<codebook_template_files/figure-latex/q7_29_rainplot-1.pdf, id=72, 385.44pt x 57.21375pt>
File: codebook_template_files/figure-latex/q7_29_rainplot-1.pdf Graphic file (type pdf)
<use codebook_template_files/figure-latex/q7_29_rainplot-1.pdf>
Package pdftex.def Info: codebook_template_files/figure-latex/q7_29_rainplot-1.pdf  used on input line 2368.
(pdftex.def)             Requested size: 385.4567pt x 57.2162pt.

Underfull \hbox (badness 10000) in paragraph at lines 2361--2372
[][][]
 []


Underfull \hbox (badness 10000) in paragraph at lines 2373--2384
[][][]
 []


Overfull \hbox (66.01187pt too wide) in alignment at lines 2422--2422
[][][][][] 
 []


Overfull \hbox (52.99997pt too wide) in alignment at lines 2452--2452
[][][][] 
 []


Overfull \hbox (6.0pt too wide) in paragraph at lines 2461--2462
[][][][][][][] 
 []


Overfull \hbox (6.0pt too wide) in paragraph at lines 2467--2468
[][][][][][][] 
 []

[8 <./codebook_template_files/figure-latex/q7_27_rainplot-1.pdf> <./codebook_template_files/figure-latex/q7_28_rainplot-1.pdf> <./codebook_template_files/figure-latex/q7_29_rainplot-1.pdf>]
<codebook_template_files/figure-latex/q7_30_rainplot-1.pdf, id=110, 385.44pt x 57.21375pt>
File: codebook_template_files/figure-latex/q7_30_rainplot-1.pdf Graphic file (type pdf)
<use codebook_template_files/figure-latex/q7_30_rainplot-1.pdf>
Package pdftex.def Info: codebook_template_files/figure-latex/q7_30_rainplot-1.pdf  used on input line 2522.
(pdftex.def)             Requested size: 385.4567pt x 57.2162pt.

Underfull \hbox (badness 10000) in paragraph at lines 2515--2526
[][][]
 []


Underfull \hbox (badness 10000) in paragraph at lines 2527--2538
[][][]
 []


Overfull \hbox (66.01187pt too wide) in alignment at lines 2576--2576
[][][][][] 
 []


Overfull \hbox (52.99997pt too wide) in alignment at lines 2606--2606
[][][][] 
 []


Overfull \hbox (6.0pt too wide) in paragraph at lines 2615--2616
[][][][][][][] 
 []


Overfull \hbox (6.0pt too wide) in paragraph at lines 2621--2622
[][][][][][][] 
 []

<codebook_template_files/figure-latex/q7_31_rainplot-1.pdf, id=111, 385.44pt x 57.21375pt>
File: codebook_template_files/figure-latex/q7_31_rainplot-1.pdf Graphic file (type pdf)
<use codebook_template_files/figure-latex/q7_31_rainplot-1.pdf>
Package pdftex.def Info: codebook_template_files/figure-latex/q7_31_rainplot-1.pdf  used on input line 2676.
(pdftex.def)             Requested size: 385.4567pt x 57.2162pt.

Underfull \hbox (badness 10000) in paragraph at lines 2669--2680
[][][]
 []


Underfull \hbox (badness 10000) in paragraph at lines 2681--2692
[][][]
 []


Overfull \hbox (66.01187pt too wide) in alignment at lines 2730--2730
[][][][][] 
 []


Overfull \hbox (52.99997pt too wide) in alignment at lines 2760--2760
[][][][] 
 []


Overfull \hbox (6.0pt too wide) in paragraph at lines 2769--2770
[][][][][][][] 
 []


Overfull \hbox (6.0pt too wide) in paragraph at lines 2775--2776
[][][][][][][] 
 []

<codebook_template_files/figure-latex/q7_32_rainplot-1.pdf, id=112, 390.45876pt x 57.21375pt>
File: codebook_template_files/figure-latex/q7_32_rainplot-1.pdf Graphic file (type pdf)
<use codebook_template_files/figure-latex/q7_32_rainplot-1.pdf>
Package pdftex.def Info: codebook_template_files/figure-latex/q7_32_rainplot-1.pdf  used on input line 2830.
(pdftex.def)             Requested size: 390.47566pt x 57.2162pt.

Underfull \hbox (badness 10000) in paragraph at lines 2823--2834
[][][]
 []


Underfull \hbox (badness 10000) in paragraph at lines 2835--2846
[][][]
 []


Overfull \hbox (66.01187pt too wide) in alignment at lines 2884--2884
[][][][][] 
 []


Overfull \hbox (52.99997pt too wide) in alignment at lines 2914--2914
[][][][] 
 []

[9 <./codebook_template_files/figure-latex/q7_30_rainplot-1.pdf> <./codebook_template_files/figure-latex/q7_31_rainplot-1.pdf> <./codebook_template_files/figure-latex/q7_32_rainplot-1.pdf>]
Overfull \hbox (6.0pt too wide) in paragraph at lines 2923--2924
[][][][][][][] 
 []


Overfull \hbox (6.0pt too wide) in paragraph at lines 2929--2930
[][][][][][][] 
 []

<codebook_template_files/figure-latex/q7_33_rainplot-1.pdf, id=151, 385.44pt x 57.21375pt>
File: codebook_template_files/figure-latex/q7_33_rainplot-1.pdf Graphic file (type pdf)
<use codebook_template_files/figure-latex/q7_33_rainplot-1.pdf>
Package pdftex.def Info: codebook_template_files/figure-latex/q7_33_rainplot-1.pdf  used on input line 2984.
(pdftex.def)             Requested size: 385.4567pt x 57.2162pt.

Underfull \hbox (badness 10000) in paragraph at lines 2977--2988
[][][]
 []


Underfull \hbox (badness 10000) in paragraph at lines 2989--3000
[][][]
 []


Overfull \hbox (66.01187pt too wide) in alignment at lines 3038--3038
[][][][][] 
 []


Overfull \hbox (52.99997pt too wide) in alignment at lines 3068--3068
[][][][] 
 []


Overfull \hbox (6.0pt too wide) in paragraph at lines 3077--3078
[][][][][][][] 
 []


Overfull \hbox (6.0pt too wide) in paragraph at lines 3083--3084
[][][][][][][] 
 []

<codebook_template_files/figure-latex/q7_34_rainplot-1.pdf, id=152, 390.45876pt x 57.21375pt>
File: codebook_template_files/figure-latex/q7_34_rainplot-1.pdf Graphic file (type pdf)
<use codebook_template_files/figure-latex/q7_34_rainplot-1.pdf>
Package pdftex.def Info: codebook_template_files/figure-latex/q7_34_rainplot-1.pdf  used on input line 3138.
(pdftex.def)             Requested size: 390.47566pt x 57.2162pt.

Underfull \hbox (badness 10000) in paragraph at lines 3131--3142
[][][]
 []


Underfull \hbox (badness 10000) in paragraph at lines 3143--3154
[][][]
 []


Overfull \hbox (66.01187pt too wide) in alignment at lines 3192--3192
[][][][][] 
 []


Overfull \hbox (52.99997pt too wide) in alignment at lines 3222--3222
[][][][] 
 []


Overfull \hbox (6.0pt too wide) in paragraph at lines 3231--3232
[][][][][][][] 
 []


Overfull \hbox (6.0pt too wide) in paragraph at lines 3237--3238
[][][][][][][] 
 []

<codebook_template_files/figure-latex/q7_35_rainplot-1.pdf, id=153, 385.44pt x 57.21375pt>
File: codebook_template_files/figure-latex/q7_35_rainplot-1.pdf Graphic file (type pdf)
<use codebook_template_files/figure-latex/q7_35_rainplot-1.pdf>
Package pdftex.def Info: codebook_template_files/figure-latex/q7_35_rainplot-1.pdf  used on input line 3292.
(pdftex.def)             Requested size: 385.4567pt x 57.2162pt.

Underfull \hbox (badness 10000) in paragraph at lines 3285--3296
[][][]
 []

[10 <./codebook_template_files/figure-latex/q7_33_rainplot-1.pdf> <./codebook_template_files/figure-latex/q7_34_rainplot-1.pdf>]
Underfull \hbox (badness 10000) in paragraph at lines 3297--3308
[][][]
 []


Overfull \hbox (66.01187pt too wide) in alignment at lines 3346--3346
[][][][][] 
 []


Overfull \hbox (52.99997pt too wide) in alignment at lines 3376--3376
[][][][] 
 []


Overfull \hbox (6.0pt too wide) in paragraph at lines 3385--3386
[][][][][][][] 
 []


Overfull \hbox (6.0pt too wide) in paragraph at lines 3391--3392
[][][][][][][] 
 []

<codebook_template_files/figure-latex/q7_36_rainplot-1.pdf, id=180, 385.44pt x 57.21375pt>
File: codebook_template_files/figure-latex/q7_36_rainplot-1.pdf Graphic file (type pdf)
<use codebook_template_files/figure-latex/q7_36_rainplot-1.pdf>
Package pdftex.def Info: codebook_template_files/figure-latex/q7_36_rainplot-1.pdf  used on input line 3446.
(pdftex.def)             Requested size: 385.4567pt x 57.2162pt.

Underfull \hbox (badness 10000) in paragraph at lines 3439--3450
[][][]
 []


Underfull \hbox (badness 10000) in paragraph at lines 3451--3462
[][][]
 []


Overfull \hbox (66.01187pt too wide) in alignment at lines 3500--3500
[][][][][] 
 []


Overfull \hbox (52.99997pt too wide) in alignment at lines 3530--3530
[][][][] 
 []


Overfull \hbox (6.0pt too wide) in paragraph at lines 3539--3540
[][][][][][][] 
 []


Overfull \hbox (6.0pt too wide) in paragraph at lines 3545--3546
[][][][][][][] 
 []

<codebook_template_files/figure-latex/q7_37_rainplot-1.pdf, id=181, 385.44pt x 57.21375pt>
File: codebook_template_files/figure-latex/q7_37_rainplot-1.pdf Graphic file (type pdf)
<use codebook_template_files/figure-latex/q7_37_rainplot-1.pdf>
Package pdftex.def Info: codebook_template_files/figure-latex/q7_37_rainplot-1.pdf  used on input line 3599.
(pdftex.def)             Requested size: 385.4567pt x 57.2162pt.

Underfull \hbox (badness 10000) in paragraph at lines 3592--3603
[][][]
 []


Underfull \hbox (badness 10000) in paragraph at lines 3604--3615
[][][]
 []


Overfull \hbox (66.01187pt too wide) in alignment at lines 3653--3653
[][][][][] 
 []


Overfull \hbox (52.99997pt too wide) in alignment at lines 3683--3683
[][][][] 
 []


Overfull \hbox (6.0pt too wide) in paragraph at lines 3692--3693
[][][][][][][] 
 []


Overfull \hbox (6.0pt too wide) in paragraph at lines 3698--3699
[][][][][][][] 
 []

[11 <./codebook_template_files/figure-latex/q7_35_rainplot-1.pdf> <./codebook_template_files/figure-latex/q7_36_rainplot-1.pdf> <./codebook_template_files/figure-latex/q7_37_rainplot-1.pdf>]
<codebook_template_files/figure-latex/q7_38_rainplot-1.pdf, id=219, 385.44pt x 57.21375pt>
File: codebook_template_files/figure-latex/q7_38_rainplot-1.pdf Graphic file (type pdf)
<use codebook_template_files/figure-latex/q7_38_rainplot-1.pdf>
Package pdftex.def Info: codebook_template_files/figure-latex/q7_38_rainplot-1.pdf  used on input line 3753.
(pdftex.def)             Requested size: 385.4567pt x 57.2162pt.

Underfull \hbox (badness 10000) in paragraph at lines 3746--3757
[][][]
 []


Underfull \hbox (badness 10000) in paragraph at lines 3758--3769
[][][]
 []


Overfull \hbox (66.01187pt too wide) in alignment at lines 3807--3807
[][][][][] 
 []


Overfull \hbox (52.99997pt too wide) in alignment at lines 3837--3837
[][][][] 
 []


Overfull \hbox (6.0pt too wide) in paragraph at lines 3846--3847
[][][][][][][] 
 []


Overfull \hbox (6.0pt too wide) in paragraph at lines 3852--3853
[][][][][][][] 
 []

<codebook_template_files/figure-latex/q7_39_rainplot-1.pdf, id=220, 385.44pt x 57.21375pt>
File: codebook_template_files/figure-latex/q7_39_rainplot-1.pdf Graphic file (type pdf)
<use codebook_template_files/figure-latex/q7_39_rainplot-1.pdf>
Package pdftex.def Info: codebook_template_files/figure-latex/q7_39_rainplot-1.pdf  used on input line 3907.
(pdftex.def)             Requested size: 385.4567pt x 57.2162pt.

Underfull \hbox (badness 10000) in paragraph at lines 3900--3911
[][][]
 []


Underfull \hbox (badness 10000) in paragraph at lines 3912--3923
[][][]
 []


Overfull \hbox (66.01187pt too wide) in alignment at lines 3961--3961
[][][][][] 
 []


Overfull \hbox (52.99997pt too wide) in alignment at lines 3991--3991
[][][][] 
 []


Overfull \hbox (6.0pt too wide) in paragraph at lines 4000--4001
[][][][][][][] 
 []


Overfull \hbox (6.0pt too wide) in paragraph at lines 4006--4007
[][][][][][][] 
 []

<codebook_template_files/figure-latex/q7_40_rainplot-1.pdf, id=221, 385.44pt x 57.21375pt>
File: codebook_template_files/figure-latex/q7_40_rainplot-1.pdf Graphic file (type pdf)
<use codebook_template_files/figure-latex/q7_40_rainplot-1.pdf>
Package pdftex.def Info: codebook_template_files/figure-latex/q7_40_rainplot-1.pdf  used on input line 4060.
(pdftex.def)             Requested size: 385.4567pt x 57.2162pt.

Underfull \hbox (badness 10000) in paragraph at lines 4053--4064
[][][]
 []


Underfull \hbox (badness 10000) in paragraph at lines 4065--4076
[][][]
 []


Overfull \hbox (66.01187pt too wide) in alignment at lines 4114--4114
[][][][][] 
 []


Overfull \hbox (52.99997pt too wide) in alignment at lines 4144--4144
[][][][] 
 []


Overfull \hbox (6.0pt too wide) in paragraph at lines 4153--4154
[][][][][][][] 
 []


Overfull \hbox (6.0pt too wide) in paragraph at lines 4159--4160
[][][][][][][] 
 []

[12 <./codebook_template_files/figure-latex/q7_38_rainplot-1.pdf> <./codebook_template_files/figure-latex/q7_39_rainplot-1.pdf> <./codebook_template_files/figure-latex/q7_40_rainplot-1.pdf>]
Underfull \hbox (badness 10000) in paragraph at lines 4207--4218
[][][]
 []


Underfull \hbox (badness 10000) in paragraph at lines 4219--4230
[][][]
 []


Overfull \hbox (66.01187pt too wide) in alignment at lines 4268--4268
[][][][][] 
 []


Overfull \hbox (52.99997pt too wide) in alignment at lines 4298--4298
[][][][] 
 []


Overfull \hbox (6.0pt too wide) in paragraph at lines 4307--4308
[][][][][][][] 
 []


Overfull \hbox (6.0pt too wide) in paragraph at lines 4313--4314
[][][][][][][] 
 []


Underfull \hbox (badness 10000) in paragraph at lines 4360--4371
[][][]
 []


Underfull \hbox (badness 10000) in paragraph at lines 4372--4383
[][][]
 []


Overfull \hbox (66.01187pt too wide) in alignment at lines 4421--4421
[][][][][] 
 []


Overfull \hbox (52.99997pt too wide) in alignment at lines 4451--4451
[][][][] 
 []


Overfull \hbox (6.0pt too wide) in paragraph at lines 4460--4461
[][][][][][][] 
 []


Overfull \hbox (6.0pt too wide) in paragraph at lines 4466--4467
[][][][][][][] 
 []


Underfull \hbox (badness 10000) in paragraph at lines 4514--4525
[][][]
 []


Underfull \hbox (badness 10000) in paragraph at lines 4526--4537
[][][]
 []


Overfull \hbox (66.01187pt too wide) in alignment at lines 4575--4575
[][][][][] 
 []


Overfull \hbox (52.99997pt too wide) in alignment at lines 4605--4605
[][][][] 
 []


Overfull \hbox (6.0pt too wide) in paragraph at lines 4614--4615
[][][][][][][] 
 []


Overfull \hbox (6.0pt too wide) in paragraph at lines 4620--4621
[][][][][][][] 
 []


Underfull \hbox (badness 10000) in paragraph at lines 4668--4679
[][][]
 []


Underfull \hbox (badness 10000) in paragraph at lines 4680--4691
[][][]
 []


Overfull \hbox (66.01187pt too wide) in alignment at lines 4729--4729
[][][][][] 
 []


Overfull \hbox (52.99997pt too wide) in alignment at lines 4759--4759
[][][][] 
 []

[13]
Overfull \hbox (6.0pt too wide) in paragraph at lines 4768--4769
[][][][][][][] 
 []


Overfull \hbox (6.0pt too wide) in paragraph at lines 4774--4775
[][][][][][][] 
 []


Underfull \hbox (badness 10000) in paragraph at lines 4821--4832
[][][]
 []


Underfull \hbox (badness 10000) in paragraph at lines 4833--4844
[][][]
 []


Overfull \hbox (66.01187pt too wide) in alignment at lines 4882--4882
[][][][][] 
 []


Overfull \hbox (52.99997pt too wide) in alignment at lines 4912--4912
[][][][] 
 []


Overfull \hbox (6.0pt too wide) in paragraph at lines 4921--4922
[][][][][][][] 
 []


Overfull \hbox (6.0pt too wide) in paragraph at lines 4927--4928
[][][][][][][] 
 []

<codebook_template_files/figure-latex/parent_index_rainplot-1.pdf, id=264, 385.44pt x 58.2175pt>
File: codebook_template_files/figure-latex/parent_index_rainplot-1.pdf Graphic file (type pdf)
<use codebook_template_files/figure-latex/parent_index_rainplot-1.pdf>
Package pdftex.def Info: codebook_template_files/figure-latex/parent_index_rainplot-1.pdf  used on input line 4980.
(pdftex.def)             Requested size: 385.4508pt x 58.21912pt.

Underfull \hbox (badness 10000) in paragraph at lines 4973--4984
[][][]
 []


Underfull \hbox (badness 10000) in paragraph at lines 4985--4996
[][][]
 []


Overfull \hbox (66.01187pt too wide) in alignment at lines 5034--5034
[][][][][] 
 []


Overfull \hbox (52.99997pt too wide) in alignment at lines 5064--5064
[][][][] 
 []


Overfull \hbox (6.0pt too wide) in paragraph at lines 5073--5074
[][][][][][][] 
 []


Overfull \hbox (6.0pt too wide) in paragraph at lines 5079--5080
[][][][][][][] 
 []

<codebook_template_files/figure-latex/submission_id_rainplot-1.pdf, id=265, 385.44pt x 58.2175pt>
File: codebook_template_files/figure-latex/submission_id_rainplot-1.pdf Graphic file (type pdf)
<use codebook_template_files/figure-latex/submission_id_rainplot-1.pdf>
Package pdftex.def Info: codebook_template_files/figure-latex/submission_id_rainplot-1.pdf  used on input line 5132.
(pdftex.def)             Requested size: 385.4508pt x 58.21912pt.

Underfull \hbox (badness 10000) in paragraph at lines 5125--5136
[][][]
 []


Underfull \hbox (badness 10000) in paragraph at lines 5137--5148
[][][]
 []


Overfull \hbox (66.01187pt too wide) in alignment at lines 5186--5186
[][][][][] 
 []


Overfull \hbox (52.99997pt too wide) in alignment at lines 5216--5216
[][][][] 
 []

[14 <./codebook_template_files/figure-latex/parent_index_rainplot-1.pdf> <./codebook_template_files/figure-latex/submission_id_rainplot-1.pdf>] [15] (./codebook_template.aux)

LaTeX Warning: There were undefined references.

Package rerunfilecheck Info: File `codebook_template.out' has not changed.
(rerunfilecheck)             Checksum: D41D8CD98F00B204E9800998ECF8427E;0.
 ) 
Here is how much of TeX's memory you used:
 16468 strings out of 477031
 314573 string characters out of 5826633
 775150 words of memory out of 5000000
 37336 multiletter control sequences out of 15000+600000
 493937 words of font info for 50 fonts, out of 8000000 for 9000
 14 hyphenation exceptions out of 8191
 72i,14n,77p,430b,935s stack positions out of 10000i,1000n,20000p,200000b,200000s
{c:/Users/gavin/AppData/Roaming/TinyTeX/texmf-dist/fonts/enc/dvips/lm/lm-ec.enc}<c:/Users/gavin/AppData/Roaming/TinyTeX/texmf-dist/fonts/type1/public/lm/lmbx10.pfb><c:/Users/gavin/AppData/Roaming/TinyTeX/texmf-dist/fonts/type1/public/lm/lmr10.pfb><c:/Users/gavin/AppData/Roaming/TinyTeX/texmf-dist/fonts/type1/public/lm/lmr12.pfb><c:/Users/gavin/AppData/Roaming/TinyTeX/texmf-dist/fonts/type1/public/lm/lmr17.pfb><c:/Users/gavin/AppData/Roaming/TinyTeX/texmf-dist/fonts/type1/public/lm/lmtt12.pfb>
Output written on codebook_template.pdf (16 pages, 484168 bytes).
PDF statistics:
 326 PDF objects out of 1000 (max. 8388607)
 239 compressed objects within 3 object streams
 17 named destinations out of 1000 (max. 500000)
 91 words of extra memory for PDF output out of 10000 (max. 10000000)

