This is pdfTeX, Version 3.141592653-2.6-1.40.24 (TeX Live 2022) (preloaded format=pdflatex 2022.9.7)  12 SEP 2022 15:14
entering extended mode
 restricted \write18 enabled.
 %&-line parsing enabled.
**codebook_template.tex
(./codebook_template.tex
LaTeX2e <2022-06-01> patch level 5
L3 programming layer <2022-08-30> (c:/Users/gavin/AppData/Roaming/TinyTeX/texmf-dist/tex/latex/base/article.cls
Document Class: article 2021/10/04 v1.4n Standard LaTeX document class
(c:/Users/gavin/AppData/Roaming/TinyTeX/texmf-dist/tex/latex/base/size10.clo
File: size10.clo 2021/10/04 v1.4n Standard LaTeX file (size option)
)
\c@part=\count185
\c@section=\count186
\c@subsection=\count187
\c@subsubsection=\count188
\c@paragraph=\count189
\c@subparagraph=\count190
\c@figure=\count191
\c@table=\count192
\abovecaptionskip=\skip47
\belowcaptionskip=\skip48
\bibindent=\dimen138
) (c:/Users/gavin/AppData/Roaming/TinyTeX/texmf-dist/tex/latex/amsmath/amsmath.sty
Package: amsmath 2022/04/08 v2.17n AMS math features
\@mathmargin=\skip49
For additional information on amsmath, use the `?' option.
(c:/Users/gavin/AppData/Roaming/TinyTeX/texmf-dist/tex/latex/amsmath/amstext.sty
Package: amstext 2021/08/26 v2.01 AMS text
(c:/Users/gavin/AppData/Roaming/TinyTeX/texmf-dist/tex/latex/amsmath/amsgen.sty
File: amsgen.sty 1999/11/30 v2.0 generic functions
\@emptytoks=\toks16
\ex@=\dimen139
)) (c:/Users/gavin/AppData/Roaming/TinyTeX/texmf-dist/tex/latex/amsmath/amsbsy.sty
Package: amsbsy 1999/11/29 v1.2d Bold Symbols
\pmbraise@=\dimen140
) (c:/Users/gavin/AppData/Roaming/TinyTeX/texmf-dist/tex/latex/amsmath/amsopn.sty
Package: amsopn 2022/04/08 v2.04 operator names
)
\inf@bad=\count193
LaTeX Info: Redefining \frac on input line 234.
\uproot@=\count194
\leftroot@=\count195
LaTeX Info: Redefining \overline on input line 399.
LaTeX Info: Redefining \colon on input line 410.
\classnum@=\count196
\DOTSCASE@=\count197
LaTeX Info: Redefining \ldots on input line 496.
LaTeX Info: Redefining \dots on input line 499.
LaTeX Info: Redefining \cdots on input line 620.
\Mathstrutbox@=\box51
\strutbox@=\box52
LaTeX Info: Redefining \big on input line 722.
LaTeX Info: Redefining \Big on input line 723.
LaTeX Info: Redefining \bigg on input line 724.
LaTeX Info: Redefining \Bigg on input line 725.
\big@size=\dimen141
LaTeX Font Info:    Redeclaring font encoding OML on input line 743.
LaTeX Font Info:    Redeclaring font encoding OMS on input line 744.
\macc@depth=\count198
LaTeX Info: Redefining \bmod on input line 905.
LaTeX Info: Redefining \pmod on input line 910.
LaTeX Info: Redefining \smash on input line 940.
LaTeX Info: Redefining \relbar on input line 970.
LaTeX Info: Redefining \Relbar on input line 971.
\c@MaxMatrixCols=\count199
\dotsspace@=\muskip16
\c@parentequation=\count266
\dspbrk@lvl=\count267
\tag@help=\toks17
\row@=\count268
\column@=\count269
\maxfields@=\count270
\andhelp@=\toks18
\eqnshift@=\dimen142
\alignsep@=\dimen143
\tagshift@=\dimen144
\tagwidth@=\dimen145
\totwidth@=\dimen146
\lineht@=\dimen147
\@envbody=\toks19
\multlinegap=\skip50
\multlinetaggap=\skip51
\mathdisplay@stack=\toks20
LaTeX Info: Redefining \[ on input line 2953.
LaTeX Info: Redefining \] on input line 2954.
) (c:/Users/gavin/AppData/Roaming/TinyTeX/texmf-dist/tex/latex/amsfonts/amssymb.sty
Package: amssymb 2013/01/14 v3.01 AMS font symbols
(c:/Users/gavin/AppData/Roaming/TinyTeX/texmf-dist/tex/latex/amsfonts/amsfonts.sty
Package: amsfonts 2013/01/14 v3.01 Basic AMSFonts support
\symAMSa=\mathgroup4
\symAMSb=\mathgroup5
LaTeX Font Info:    Redeclaring math symbol \hbar on input line 98.
LaTeX Font Info:    Overwriting math alphabet `\mathfrak' in version `bold'
(Font)                  U/euf/m/n --> U/euf/b/n on input line 106.
)) (c:/Users/gavin/AppData/Roaming/TinyTeX/texmf-dist/tex/latex/lm/lmodern.sty
Package: lmodern 2015/05/01 v1.6.1 Latin Modern Fonts
LaTeX Font Info:    Overwriting symbol font `operators' in version `normal'
(Font)                  OT1/cmr/m/n --> OT1/lmr/m/n on input line 22.
LaTeX Font Info:    Overwriting symbol font `letters' in version `normal'
(Font)                  OML/cmm/m/it --> OML/lmm/m/it on input line 23.
LaTeX Font Info:    Overwriting symbol font `symbols' in version `normal'
(Font)                  OMS/cmsy/m/n --> OMS/lmsy/m/n on input line 24.
LaTeX Font Info:    Overwriting symbol font `largesymbols' in version `normal'
(Font)                  OMX/cmex/m/n --> OMX/lmex/m/n on input line 25.
LaTeX Font Info:    Overwriting symbol font `operators' in version `bold'
(Font)                  OT1/cmr/bx/n --> OT1/lmr/bx/n on input line 26.
LaTeX Font Info:    Overwriting symbol font `letters' in version `bold'
(Font)                  OML/cmm/b/it --> OML/lmm/b/it on input line 27.
LaTeX Font Info:    Overwriting symbol font `symbols' in version `bold'
(Font)                  OMS/cmsy/b/n --> OMS/lmsy/b/n on input line 28.
LaTeX Font Info:    Overwriting symbol font `largesymbols' in version `bold'
(Font)                  OMX/cmex/m/n --> OMX/lmex/m/n on input line 29.
LaTeX Font Info:    Overwriting math alphabet `\mathbf' in version `normal'
(Font)                  OT1/cmr/bx/n --> OT1/lmr/bx/n on input line 31.
LaTeX Font Info:    Overwriting math alphabet `\mathsf' in version `normal'
(Font)                  OT1/cmss/m/n --> OT1/lmss/m/n on input line 32.
LaTeX Font Info:    Overwriting math alphabet `\mathit' in version `normal'
(Font)                  OT1/cmr/m/it --> OT1/lmr/m/it on input line 33.
LaTeX Font Info:    Overwriting math alphabet `\mathtt' in version `normal'
(Font)                  OT1/cmtt/m/n --> OT1/lmtt/m/n on input line 34.
LaTeX Font Info:    Overwriting math alphabet `\mathbf' in version `bold'
(Font)                  OT1/cmr/bx/n --> OT1/lmr/bx/n on input line 35.
LaTeX Font Info:    Overwriting math alphabet `\mathsf' in version `bold'
(Font)                  OT1/cmss/bx/n --> OT1/lmss/bx/n on input line 36.
LaTeX Font Info:    Overwriting math alphabet `\mathit' in version `bold'
(Font)                  OT1/cmr/bx/it --> OT1/lmr/bx/it on input line 37.
LaTeX Font Info:    Overwriting math alphabet `\mathtt' in version `bold'
(Font)                  OT1/cmtt/m/n --> OT1/lmtt/m/n on input line 38.
) (c:/Users/gavin/AppData/Roaming/TinyTeX/texmf-dist/tex/generic/iftex/iftex.sty
Package: iftex 2022/02/03 v1.0f TeX engine tests
) (c:/Users/gavin/AppData/Roaming/TinyTeX/texmf-dist/tex/latex/base/fontenc.sty
Package: fontenc 2021/04/29 v2.0v Standard LaTeX package
LaTeX Font Info:    Trying to load font information for T1+lmr on input line 112.
(c:/Users/gavin/AppData/Roaming/TinyTeX/texmf-dist/tex/latex/lm/t1lmr.fd
File: t1lmr.fd 2015/05/01 v1.6.1 Font defs for Latin Modern
)) (c:/Users/gavin/AppData/Roaming/TinyTeX/texmf-dist/tex/latex/base/inputenc.sty
Package: inputenc 2021/02/14 v1.3d Input encoding file
\inpenc@prehook=\toks21
\inpenc@posthook=\toks22
) (c:/Users/gavin/AppData/Roaming/TinyTeX/texmf-dist/tex/latex/base/textcomp.sty
Package: textcomp 2020/02/02 v2.0n Standard LaTeX package
) (c:/Users/gavin/AppData/Roaming/TinyTeX/texmf-dist/tex/latex/xcolor/xcolor.sty
Package: xcolor 2022/06/12 v2.14 LaTeX color extensions (UK)
(c:/Users/gavin/AppData/Roaming/TinyTeX/texmf-dist/tex/latex/graphics-cfg/color.cfg
File: color.cfg 2016/01/02 v1.6 sample color configuration
)
Package xcolor Info: Driver file: pdftex.def on input line 227.
(c:/Users/gavin/AppData/Roaming/TinyTeX/texmf-dist/tex/latex/graphics-def/pdftex.def
File: pdftex.def 2020/10/05 v1.2a Graphics/color driver for pdftex
) (c:/Users/gavin/AppData/Roaming/TinyTeX/texmf-dist/tex/latex/graphics/mathcolor.ltx)
Package xcolor Info: Model `cmy' substituted by `cmy0' on input line 1353.
Package xcolor Info: Model `hsb' substituted by `rgb' on input line 1357.
Package xcolor Info: Model `RGB' extended on input line 1369.
Package xcolor Info: Model `HTML' substituted by `rgb' on input line 1371.
Package xcolor Info: Model `Hsb' substituted by `hsb' on input line 1372.
Package xcolor Info: Model `tHsb' substituted by `hsb' on input line 1373.
Package xcolor Info: Model `HSB' substituted by `hsb' on input line 1374.
Package xcolor Info: Model `Gray' substituted by `gray' on input line 1375.
Package xcolor Info: Model `wave' substituted by `hsb' on input line 1376.
) (c:/Users/gavin/AppData/Roaming/TinyTeX/texmf-dist/tex/latex/geometry/geometry.sty
Package: geometry 2020/01/02 v5.9 Page Geometry
(c:/Users/gavin/AppData/Roaming/TinyTeX/texmf-dist/tex/latex/graphics/keyval.sty
Package: keyval 2022/05/29 v1.15 key=value parser (DPC)
\KV@toks@=\toks23
) (c:/Users/gavin/AppData/Roaming/TinyTeX/texmf-dist/tex/generic/iftex/ifvtex.sty
Package: ifvtex 2019/10/25 v1.7 ifvtex legacy package. Use iftex instead.
)
\Gm@cnth=\count271
\Gm@cntv=\count272
\c@Gm@tempcnt=\count273
\Gm@bindingoffset=\dimen148
\Gm@wd@mp=\dimen149
\Gm@odd@mp=\dimen150
\Gm@even@mp=\dimen151
\Gm@layoutwidth=\dimen152
\Gm@layoutheight=\dimen153
\Gm@layouthoffset=\dimen154
\Gm@layoutvoffset=\dimen155
\Gm@dimlist=\toks24
) (c:/Users/gavin/AppData/Roaming/TinyTeX/texmf-dist/tex/latex/graphics/graphicx.sty
Package: graphicx 2021/09/16 v1.2d Enhanced LaTeX Graphics (DPC,SPQR)
(c:/Users/gavin/AppData/Roaming/TinyTeX/texmf-dist/tex/latex/graphics/graphics.sty
Package: graphics 2022/03/10 v1.4e Standard LaTeX Graphics (DPC,SPQR)
(c:/Users/gavin/AppData/Roaming/TinyTeX/texmf-dist/tex/latex/graphics/trig.sty
Package: trig 2021/08/11 v1.11 sin cos tan (DPC)
) (c:/Users/gavin/AppData/Roaming/TinyTeX/texmf-dist/tex/latex/graphics-cfg/graphics.cfg
File: graphics.cfg 2016/06/04 v1.11 sample graphics configuration
)
Package graphics Info: Driver file: pdftex.def on input line 107.
)
\Gin@req@height=\dimen156
\Gin@req@width=\dimen157
) (c:/Users/gavin/AppData/Roaming/TinyTeX/texmf-dist/tex/latex/tools/array.sty
Package: array 2022/03/10 v2.5f Tabular extension package (FMi)
\col@sep=\dimen158
\ar@mcellbox=\box53
\extrarowheight=\dimen159
\NC@list=\toks25
\extratabsurround=\skip52
\backup@length=\skip53
\ar@cellbox=\box54
) (c:/Users/gavin/AppData/Roaming/TinyTeX/texmf-dist/tex/latex/caption/caption.sty
Package: caption 2022/03/01 v3.6b Customizing captions (AR)
(c:/Users/gavin/AppData/Roaming/TinyTeX/texmf-dist/tex/latex/caption/caption3.sty
Package: caption3 2022/03/17 v2.3b caption3 kernel (AR)
\caption@tempdima=\dimen160
\captionmargin=\dimen161
\caption@leftmargin=\dimen162
\caption@rightmargin=\dimen163
\caption@width=\dimen164
\caption@indent=\dimen165
\caption@parindent=\dimen166
\caption@hangindent=\dimen167
Package caption Info: Standard document class detected.
)
\c@caption@flags=\count274
\c@continuedfloat=\count275
) (c:/Users/gavin/AppData/Roaming/TinyTeX/texmf-dist/tex/latex/siunitx/siunitx.sty
Package: siunitx 2022-09-07 v3.1.7 A comprehensive (SI) units package
\l__siunitx_angle_tmp_dim=\dimen168
\l__siunitx_angle_marker_box=\box55
\l__siunitx_angle_unit_box=\box56
\l__siunitx_compound_count_int=\count276
\l__siunitx_number_exponent_fixed_int=\count277
\l__siunitx_number_min_decimal_int=\count278
\l__siunitx_number_min_integer_int=\count279
\l__siunitx_number_round_precision_int=\count280
\l__siunitx_number_group_first_int=\count281
\l__siunitx_number_group_size_int=\count282
\l__siunitx_number_group_minimum_int=\count283
\l__siunitx_table_tmp_box=\box57
\l__siunitx_table_tmp_dim=\dimen169
\l__siunitx_table_column_width_dim=\dimen170
\l__siunitx_table_integer_box=\box58
\l__siunitx_table_decimal_box=\box59
\l__siunitx_table_before_box=\box60
\l__siunitx_table_after_box=\box61
\l__siunitx_table_before_dim=\dimen171
\l__siunitx_table_carry_dim=\dimen172
\l__siunitx_unit_tmp_int=\count284
\l__siunitx_unit_position_int=\count285
\l__siunitx_unit_total_int=\count286
) (c:/Users/gavin/AppData/Roaming/TinyTeX/texmf-dist/tex/latex/colortbl/colortbl.sty
Package: colortbl 2022/06/20 v1.0f Color table columns (DPC)
\everycr=\toks26
\minrowclearance=\skip54
\rownum=\count287
) (c:/Users/gavin/AppData/Roaming/TinyTeX/texmf-dist/tex/latex/multirow/multirow.sty
Package: multirow 2021/03/15 v2.8 Span multiple rows of a table
\multirow@colwidth=\skip55
\multirow@cntb=\count288
\multirow@dima=\skip56
\bigstrutjot=\dimen173
) (c:/Users/gavin/AppData/Roaming/TinyTeX/texmf-dist/tex/latex/tools/hhline.sty
Package: hhline 2020/01/04 v2.04 Table rule package (DPC)
) (c:/Users/gavin/AppData/Roaming/TinyTeX/texmf-dist/tex/latex/tools/calc.sty
Package: calc 2017/05/25 v4.3 Infix arithmetic (KKT,FJ)
\calc@Acount=\count289
\calc@Bcount=\count290
\calc@Adimen=\dimen174
\calc@Bdimen=\dimen175
\calc@Askip=\skip57
\calc@Bskip=\skip58
LaTeX Info: Redefining \setlength on input line 80.
LaTeX Info: Redefining \addtolength on input line 81.
\calc@Ccount=\count291
\calc@Cskip=\skip59
) (c:/Users/gavin/AppData/Roaming/TinyTeX/texmf-dist/tex/latex/threeparttable/threeparttable.sty
Package: threeparttable 2003/06/13  v 3.0
\@tempboxb=\box62
) (c:/Users/gavin/AppData/Roaming/TinyTeX/texmf-dist/tex/latex/tools/tabularx.sty
Package: tabularx 2020/01/15 v2.11c `tabularx' package (DPC)
\TX@col@width=\dimen176
\TX@old@table=\dimen177
\TX@old@col=\dimen178
\TX@target=\dimen179
\TX@delta=\dimen180
\TX@cols=\count292
\TX@ftn=\toks27
) (c:/Users/gavin/AppData/Roaming/TinyTeX/texmf-dist/tex/latex/wrapfig/wrapfig.sty
\wrapoverhang=\dimen181
\WF@size=\dimen182
\c@WF@wrappedlines=\count293
\WF@box=\box63
\WF@everypar=\toks28
Package: wrapfig 2003/01/31  v 3.6
) (c:/Users/gavin/AppData/Roaming/TinyTeX/texmf-dist/tex/latex/hyperref/hyperref.sty
Package: hyperref 2022-06-20 v7.00s Hypertext links for LaTeX
(c:/Users/gavin/AppData/Roaming/TinyTeX/texmf-dist/tex/generic/ltxcmds/ltxcmds.sty
Package: ltxcmds 2020-05-10 v1.25 LaTeX kernel commands for general use (HO)
) (c:/Users/gavin/AppData/Roaming/TinyTeX/texmf-dist/tex/generic/pdftexcmds/pdftexcmds.sty
Package: pdftexcmds 2020-06-27 v0.33 Utility functions of pdfTeX for LuaTeX (HO)
(c:/Users/gavin/AppData/Roaming/TinyTeX/texmf-dist/tex/generic/infwarerr/infwarerr.sty
Package: infwarerr 2019/12/03 v1.5 Providing info/warning/error messages (HO)
)
Package pdftexcmds Info: \pdf@primitive is available.
Package pdftexcmds Info: \pdf@ifprimitive is available.
Package pdftexcmds Info: \pdfdraftmode found.
) (c:/Users/gavin/AppData/Roaming/TinyTeX/texmf-dist/tex/generic/kvsetkeys/kvsetkeys.sty
Package: kvsetkeys 2019/12/15 v1.18 Key value parser (HO)
) (c:/Users/gavin/AppData/Roaming/TinyTeX/texmf-dist/tex/generic/kvdefinekeys/kvdefinekeys.sty
Package: kvdefinekeys 2019-12-19 v1.6 Define keys (HO)
) (c:/Users/gavin/AppData/Roaming/TinyTeX/texmf-dist/tex/generic/pdfescape/pdfescape.sty
Package: pdfescape 2019/12/09 v1.15 Implements pdfTeX's escape features (HO)
) (c:/Users/gavin/AppData/Roaming/TinyTeX/texmf-dist/tex/latex/hycolor/hycolor.sty
Package: hycolor 2020-01-27 v1.10 Color options for hyperref/bookmark (HO)
) (c:/Users/gavin/AppData/Roaming/TinyTeX/texmf-dist/tex/latex/letltxmacro/letltxmacro.sty
Package: letltxmacro 2019/12/03 v1.6 Let assignment for LaTeX macros (HO)
) (c:/Users/gavin/AppData/Roaming/TinyTeX/texmf-dist/tex/latex/auxhook/auxhook.sty
Package: auxhook 2019-12-17 v1.6 Hooks for auxiliary files (HO)
) (c:/Users/gavin/AppData/Roaming/TinyTeX/texmf-dist/tex/latex/hyperref/nameref.sty
Package: nameref 2022-05-17 v2.50 Cross-referencing by name of section
(c:/Users/gavin/AppData/Roaming/TinyTeX/texmf-dist/tex/latex/refcount/refcount.sty
Package: refcount 2019/12/15 v3.6 Data extraction from label references (HO)
) (c:/Users/gavin/AppData/Roaming/TinyTeX/texmf-dist/tex/generic/gettitlestring/gettitlestring.sty
Package: gettitlestring 2019/12/15 v1.6 Cleanup title references (HO)
(c:/Users/gavin/AppData/Roaming/TinyTeX/texmf-dist/tex/latex/kvoptions/kvoptions.sty
Package: kvoptions 2022-06-15 v3.15 Key value format for package options (HO)
))
\c@section@level=\count294
)
\@linkdim=\dimen183
\Hy@linkcounter=\count295
\Hy@pagecounter=\count296
(c:/Users/gavin/AppData/Roaming/TinyTeX/texmf-dist/tex/latex/hyperref/pd1enc.def
File: pd1enc.def 2022-06-20 v7.00s Hyperref: PDFDocEncoding definition (HO)
Now handling font encoding PD1 ...
... no UTF-8 mapping file for font encoding PD1
) (c:/Users/gavin/AppData/Roaming/TinyTeX/texmf-dist/tex/generic/intcalc/intcalc.sty
Package: intcalc 2019/12/15 v1.3 Expandable calculations with integers (HO)
) (c:/Users/gavin/AppData/Roaming/TinyTeX/texmf-dist/tex/generic/etexcmds/etexcmds.sty
Package: etexcmds 2019/12/15 v1.7 Avoid name clashes with e-TeX commands (HO)
)
\Hy@SavedSpaceFactor=\count297
(c:/Users/gavin/AppData/Roaming/TinyTeX/texmf-dist/tex/latex/hyperref/puenc.def
File: puenc.def 2022-06-20 v7.00s Hyperref: PDF Unicode definition (HO)
Now handling font encoding PU ...
... no UTF-8 mapping file for font encoding PU
)
Package hyperref Info: Option `unicode' set `true' on input line 4045.
Package hyperref Info: Hyper figures OFF on input line 4162.
Package hyperref Info: Link nesting OFF on input line 4167.
Package hyperref Info: Hyper index ON on input line 4170.
Package hyperref Info: Plain pages OFF on input line 4177.
Package hyperref Info: Backreferencing OFF on input line 4182.
Package hyperref Info: Implicit mode ON; LaTeX internals redefined.
Package hyperref Info: Bookmarks ON on input line 4408.
\c@Hy@tempcnt=\count298
(c:/Users/gavin/AppData/Roaming/TinyTeX/texmf-dist/tex/latex/url/url.sty
\Urlmuskip=\muskip17
Package: url 2013/09/16  ver 3.4  Verb mode for urls, etc.
)
LaTeX Info: Redefining \url on input line 4746.
\XeTeXLinkMargin=\dimen184
(c:/Users/gavin/AppData/Roaming/TinyTeX/texmf-dist/tex/generic/bitset/bitset.sty
Package: bitset 2019/12/09 v1.3 Handle bit-vector datatype (HO)
(c:/Users/gavin/AppData/Roaming/TinyTeX/texmf-dist/tex/generic/bigintcalc/bigintcalc.sty
Package: bigintcalc 2019/12/15 v1.5 Expandable calculations on big integers (HO)
))
\Fld@menulength=\count299
\Field@Width=\dimen185
\Fld@charsize=\dimen186
Package hyperref Info: Hyper figures OFF on input line 6024.
Package hyperref Info: Link nesting OFF on input line 6029.
Package hyperref Info: Hyper index ON on input line 6032.
Package hyperref Info: backreferencing OFF on input line 6039.
Package hyperref Info: Link coloring OFF on input line 6044.
Package hyperref Info: Link coloring with OCG OFF on input line 6049.
Package hyperref Info: PDF/A mode OFF on input line 6054.
(c:/Users/gavin/AppData/Roaming/TinyTeX/texmf-dist/tex/latex/base/atbegshi-ltx.sty
Package: atbegshi-ltx 2021/01/10 v1.0c Emulation of the original atbegshi
package with kernel methods
)
\Hy@abspage=\count300
\c@Item=\count301
\c@Hfootnote=\count302
)
Package hyperref Info: Driver (autodetected): hpdftex.
(c:/Users/gavin/AppData/Roaming/TinyTeX/texmf-dist/tex/latex/hyperref/hpdftex.def
File: hpdftex.def 2022-06-20 v7.00s Hyperref driver for pdfTeX
(c:/Users/gavin/AppData/Roaming/TinyTeX/texmf-dist/tex/latex/base/atveryend-ltx.sty
Package: atveryend-ltx 2020/08/19 v1.0a Emulation of the original atveryend package
with kernel methods
)
\Fld@listcount=\count303
\c@bookmark@seq@number=\count304
(c:/Users/gavin/AppData/Roaming/TinyTeX/texmf-dist/tex/latex/rerunfilecheck/rerunfilecheck.sty
Package: rerunfilecheck 2022-07-10 v1.10 Rerun checks for auxiliary files (HO)
(c:/Users/gavin/AppData/Roaming/TinyTeX/texmf-dist/tex/generic/uniquecounter/uniquecounter.sty
Package: uniquecounter 2019/12/15 v1.4 Provide unlimited unique counter (HO)
)
Package uniquecounter Info: New unique counter `rerunfilecheck' on input line 285.
)
\Hy@SectionHShift=\skip60
) (c:/Users/gavin/AppData/Roaming/TinyTeX/texmf-dist/tex/latex/placeins/placeins.sty
Package: placeins 2005/04/18  v 2.2
) (c:/Users/gavin/AppData/Roaming/TinyTeX/texmf-dist/tex/latex/booktabs/booktabs.sty
Package: booktabs 2020/01/12 v1.61803398 Publication quality tables
\heavyrulewidth=\dimen187
\lightrulewidth=\dimen188
\cmidrulewidth=\dimen189
\belowrulesep=\dimen190
\belowbottomsep=\dimen191
\aboverulesep=\dimen192
\abovetopsep=\dimen193
\cmidrulesep=\dimen194
\cmidrulekern=\dimen195
\defaultaddspace=\dimen196
\@cmidla=\count305
\@cmidlb=\count306
\@aboverulesep=\dimen197
\@belowrulesep=\dimen198
\@thisruleclass=\count307
\@lastruleclass=\count308
\@thisrulewidth=\dimen199
) (c:/Users/gavin/AppData/Roaming/TinyTeX/texmf-dist/tex/latex/tools/longtable.sty
Package: longtable 2021-09-01 v4.17 Multi-page Table package (DPC)
\LTleft=\skip61
\LTright=\skip62
\LTpre=\skip63
\LTpost=\skip64
\LTchunksize=\count309
\LTcapwidth=\dimen256
\LT@head=\box64
\LT@firsthead=\box65
\LT@foot=\box66
\LT@lastfoot=\box67
\LT@gbox=\box68
\LT@cols=\count310
\LT@rows=\count311
\c@LT@tables=\count312
\c@LT@chunks=\count313
\LT@p@ftn=\toks29
) (c:/Users/gavin/AppData/Roaming/TinyTeX/texmf-dist/tex/latex/float/float.sty
Package: float 2001/11/08 v1.3d Float enhancements (AL)
\c@float@type=\count314
\float@exts=\toks30
\float@box=\box69
\@float@everytoks=\toks31
\@floatcapt=\box70
) (c:/Users/gavin/AppData/Roaming/TinyTeX/texmf-dist/tex/latex/pdflscape/pdflscape.sty
Package: pdflscape 2019/12/05 v0.12 Display of landscape pages in PDF (HO)
(c:/Users/gavin/AppData/Roaming/TinyTeX/texmf-dist/tex/latex/graphics/lscape.sty
Package: lscape 2020/05/28 v3.02 Landscape Pages (DPC)
)
Package pdflscape Info: Auto-detected driver: pdftex on input line 81.
) (c:/Users/gavin/AppData/Roaming/TinyTeX/texmf-dist/tex/latex/tabu/tabu.sty
Package: tabu 2019/01/11 v2.9 - flexible LaTeX tabulars (FC+tabu-fixed)
(c:/Users/gavin/AppData/Roaming/TinyTeX/texmf-dist/tex/latex/varwidth/varwidth.sty
Package: varwidth 2009/03/30 ver 0.92;  Variable-width minipages
\@vwid@box=\box71
\sift@deathcycles=\count315
\@vwid@loff=\dimen257
\@vwid@roff=\dimen258
)
\c@taburow=\count316
\tabu@nbcols=\count317
\tabu@cnt=\count318
\tabu@Xcol=\count319
\tabu@alloc=\count320
\tabu@nested=\count321
\tabu@target=\dimen259
\tabu@spreadtarget=\dimen260
\tabu@naturalX=\dimen261
\tabucolX=\dimen262
\tabu@Xsum=\dimen263
\extrarowdepth=\dimen264
\abovetabulinesep=\dimen265
\belowtabulinesep=\dimen266
\tabustrutrule=\dimen267
\tabu@thebody=\toks32
\tabu@footnotes=\toks33
\tabu@box=\box72
\tabu@arstrutbox=\box73
\tabu@hleads=\box74
\tabu@vleads=\box75
\tabu@cellskip=\skip65
) (c:/Users/gavin/AppData/Roaming/TinyTeX/texmf-dist/tex/latex/threeparttablex/threeparttablex.sty
Package: threeparttablex 2013/07/23 v0.3 by daleif
(c:/Users/gavin/AppData/Roaming/TinyTeX/texmf-dist/tex/latex/environ/environ.sty
Package: environ 2014/05/04 v0.3 A new way to define environments
(c:/Users/gavin/AppData/Roaming/TinyTeX/texmf-dist/tex/latex/trimspaces/trimspaces.sty
Package: trimspaces 2009/09/17 v1.1 Trim spaces around a token list
))
\TPTL@width=\skip66
) (c:/Users/gavin/AppData/Roaming/TinyTeX/texmf-dist/tex/generic/ulem/ulem.sty
\UL@box=\box76
\UL@hyphenbox=\box77
\UL@skip=\skip67
\UL@hook=\toks34
\UL@height=\dimen268
\UL@pe=\count322
\UL@pixel=\dimen269
\ULC@box=\box78
Package: ulem 2019/11/18
\ULdepth=\dimen270
) (c:/Users/gavin/AppData/Roaming/TinyTeX/texmf-dist/tex/latex/makecell/makecell.sty
Package: makecell 2009/08/03 V0.1e Managing of Tab Column Heads and Cells
\rotheadsize=\dimen271
\c@nlinenum=\count323
\TeXr@lab=\toks35
) (c:/Users/gavin/AppData/Roaming/TinyTeX/texmf-dist/tex/latex/l3backend/l3backend-pdftex.def
File: l3backend-pdftex.def 2022-08-30 L3 backend support: PDF output (pdfTeX)
\l__color_backend_stack_int=\count324
\l__pdf_internal_box=\box79
) (./codebook_template.aux

LaTeX Warning: Label `age' multiply defined.


LaTeX Warning: Label `ethnicity' multiply defined.


LaTeX Warning: Label `sex' multiply defined.


LaTeX Warning: Label `q1' multiply defined.


LaTeX Warning: Label `religion' multiply defined.


LaTeX Warning: Label `q2' multiply defined.


LaTeX Warning: Label `is_religious' multiply defined.


LaTeX Warning: Label `q5' multiply defined.


LaTeX Warning: Label `q7' multiply defined.

)
\openout1 = `codebook_template.aux'.

LaTeX Font Info:    Checking defaults for OML/cmm/m/it on input line 89.
LaTeX Font Info:    ... okay on input line 89.
LaTeX Font Info:    Checking defaults for OMS/cmsy/m/n on input line 89.
LaTeX Font Info:    ... okay on input line 89.
LaTeX Font Info:    Checking defaults for OT1/cmr/m/n on input line 89.
LaTeX Font Info:    ... okay on input line 89.
LaTeX Font Info:    Checking defaults for T1/cmr/m/n on input line 89.
LaTeX Font Info:    ... okay on input line 89.
LaTeX Font Info:    Checking defaults for TS1/cmr/m/n on input line 89.
LaTeX Font Info:    ... okay on input line 89.
LaTeX Font Info:    Checking defaults for OMX/cmex/m/n on input line 89.
LaTeX Font Info:    ... okay on input line 89.
LaTeX Font Info:    Checking defaults for U/cmr/m/n on input line 89.
LaTeX Font Info:    ... okay on input line 89.
LaTeX Font Info:    Checking defaults for PD1/pdf/m/n on input line 89.
LaTeX Font Info:    ... okay on input line 89.
LaTeX Font Info:    Checking defaults for PU/pdf/m/n on input line 89.
LaTeX Font Info:    ... okay on input line 89.
(c:/Users/gavin/AppData/Roaming/TinyTeX/texmf-dist/tex/latex/epstopdf-pkg/epstopdf-base.sty
Package: epstopdf-base 2020-01-24 v2.11 Base part for package epstopdf
Package epstopdf-base Info: Redefining graphics rule for `.eps' on input line 485.
(c:/Users/gavin/AppData/Roaming/TinyTeX/texmf-dist/tex/latex/latexconfig/epstopdf-sys.cfg
File: epstopdf-sys.cfg 2010/07/13 v1.3 Configuration of (r)epstopdf for TeX Live
))
*geometry* driver: auto-detecting
*geometry* detected driver: pdftex
*geometry* verbose mode - [ preamble ] result:
* driver: pdftex
* paper: <default>
* layout: <same size as paper>
* layoutoffset:(h,v)=(0.0pt,0.0pt)
* modes: 
* h-part:(L,W,R)=(28.45274pt, 557.38951pt, 28.45274pt)
* v-part:(T,H,B)=(28.45274pt, 738.0645pt, 28.45274pt)
* \paperwidth=614.295pt
* \paperheight=794.96999pt
* \textwidth=557.38951pt
* \textheight=738.0645pt
* \oddsidemargin=-43.81725pt
* \evensidemargin=-43.81725pt
* \topmargin=-80.81725pt
* \headheight=12.0pt
* \headsep=25.0pt
* \topskip=10.0pt
* \footskip=30.0pt
* \marginparwidth=65.0pt
* \marginparsep=11.0pt
* \columnsep=10.0pt
* \skip\footins=9.0pt plus 4.0pt minus 2.0pt
* \hoffset=0.0pt
* \voffset=0.0pt
* \mag=1000
* \@twocolumnfalse
* \@twosidefalse
* \@mparswitchfalse
* \@reversemarginfalse
* (1in=72.27pt=25.4mm, 1cm=28.453pt)

Package caption Info: Begin \AtBeginDocument code.
Package caption Info: float package is loaded.
Package caption Info: hyperref package is loaded.
Package caption Info: longtable package is loaded.
(c:/Users/gavin/AppData/Roaming/TinyTeX/texmf-dist/tex/latex/caption/ltcaption.sty
Package: ltcaption 2021/01/08 v1.4c longtable captions (AR)
)
Package caption Info: threeparttable package is loaded.
Package caption Info: wrapfig package is loaded.
Package caption Info: End \AtBeginDocument code.
Package hyperref Info: Link coloring OFF on input line 89.
(./codebook_template.out) (./codebook_template.out)
\@outlinefile=\write3
\openout3 = `codebook_template.out'.

*geometry* verbose mode - [ newgeometry ] result:
* driver: pdftex
* paper: <default>
* layout: <same size as paper>
* layoutoffset:(h,v)=(0.0pt,0.0pt)
* modes: 
* h-part:(L,W,R)=(71.13188pt, 486.25761pt, 56.9055pt)
* v-part:(T,H,B)=(95.39737pt, 614.21436pt, 85.35826pt)
* \paperwidth=614.295pt
* \paperheight=794.96999pt
* \textwidth=486.25761pt
* \textheight=614.21436pt
* \oddsidemargin=-1.1381pt
* \evensidemargin=-1.1381pt
* \topmargin=-13.87262pt
* \headheight=12.0pt
* \headsep=25.0pt
* \topskip=10.0pt
* \footskip=30.0pt
* \marginparwidth=65.0pt
* \marginparsep=11.0pt
* \columnsep=10.0pt
* \skip\footins=9.0pt plus 4.0pt minus 2.0pt
* \hoffset=0.0pt
* \voffset=0.0pt
* \mag=1000
* \@twocolumnfalse
* \@twosidefalse
* \@mparswitchfalse
* \@reversemarginfalse
* (1in=72.27pt=25.4mm, 1cm=28.453pt)

LaTeX Font Info:    Trying to load font information for T1+lmtt on input line 141.
(c:/Users/gavin/AppData/Roaming/TinyTeX/texmf-dist/tex/latex/lm/t1lmtt.fd
File: t1lmtt.fd 2015/05/01 v1.6.1 Font defs for Latin Modern
) [1


{c:/Users/gavin/AppData/Roaming/TinyTeX/texmf-var/fonts/map/pdftex/updmap/pdftex.map}]
LaTeX Font Info:    Trying to load font information for OT1+lmr on input line 153.
(c:/Users/gavin/AppData/Roaming/TinyTeX/texmf-dist/tex/latex/lm/ot1lmr.fd
File: ot1lmr.fd 2015/05/01 v1.6.1 Font defs for Latin Modern
)
LaTeX Font Info:    Trying to load font information for OML+lmm on input line 153.
(c:/Users/gavin/AppData/Roaming/TinyTeX/texmf-dist/tex/latex/lm/omllmm.fd
File: omllmm.fd 2015/05/01 v1.6.1 Font defs for Latin Modern
)
LaTeX Font Info:    Trying to load font information for OMS+lmsy on input line 153.
(c:/Users/gavin/AppData/Roaming/TinyTeX/texmf-dist/tex/latex/lm/omslmsy.fd
File: omslmsy.fd 2015/05/01 v1.6.1 Font defs for Latin Modern
)
LaTeX Font Info:    Trying to load font information for OMX+lmex on input line 153.
(c:/Users/gavin/AppData/Roaming/TinyTeX/texmf-dist/tex/latex/lm/omxlmex.fd
File: omxlmex.fd 2015/05/01 v1.6.1 Font defs for Latin Modern
)
LaTeX Font Info:    External font `lmex10' loaded for size
(Font)              <10> on input line 153.
LaTeX Font Info:    External font `lmex10' loaded for size
(Font)              <7> on input line 153.
LaTeX Font Info:    External font `lmex10' loaded for size
(Font)              <5> on input line 153.
LaTeX Font Info:    Trying to load font information for U+msa on input line 153.
(c:/Users/gavin/AppData/Roaming/TinyTeX/texmf-dist/tex/latex/amsfonts/umsa.fd
File: umsa.fd 2013/01/14 v3.01 AMS symbols A
)
LaTeX Font Info:    Trying to load font information for U+msb on input line 153.
(c:/Users/gavin/AppData/Roaming/TinyTeX/texmf-dist/tex/latex/amsfonts/umsb.fd
File: umsb.fd 2013/01/14 v3.01 AMS symbols B
)

LaTeX Warning: Reference `con_var' on page 1 undefined on input line 169.


pdfTeX warning (ext4): destination with the same identifier (name{page.1}) has been already used, duplicate ignored
<to be read again> 
                   \relax 
l.248 \newpage
               [1

]
Overfull \hbox (6.0pt too wide) in paragraph at lines 253--254
[][][][][][][] 
 []


Overfull \hbox (6.0pt too wide) in paragraph at lines 259--260
[][][][][][][] 
 []


Underfull \hbox (badness 10000) in alignment at lines 364--364
[][][] 
 []


Overfull \hbox (40.96628pt too wide) in paragraph at lines 364--365
[][] 
 []


Underfull \hbox (badness 10000) in alignment at lines 433--433
[][][] 
 []


Overfull \hbox (40.96628pt too wide) in paragraph at lines 433--434
[][] 
 []


Underfull \hbox (badness 10000) in alignment at lines 502--502
[][][] 
 []


Overfull \hbox (40.96628pt too wide) in paragraph at lines 502--503
[][] 
 []


Underfull \hbox (badness 10000) in alignment at lines 571--571
[][][] 
 []


Overfull \hbox (40.96628pt too wide) in paragraph at lines 571--572
[][] 
 []


Underfull \hbox (badness 10000) in alignment at lines 640--640
[][][] 
 []


Overfull \hbox (40.96628pt too wide) in paragraph at lines 640--641
[][] 
 []

[2]
Underfull \hbox (badness 10000) in alignment at lines 1277--1277
[][][] 
 []


Overfull \hbox (40.96628pt too wide) in paragraph at lines 1277--1278
[][] 
 []

[3]
Overfull \vbox (990.4355pt too high) has occurred while \output is active []

[4]
Overfull \hbox (3.50885pt too wide) in paragraph at lines 1326--1326
[][][]\T1/lmr/bx/n/10 Valid[][]  
 []


Overfull \hbox (8.05627pt too wide) in paragraph at lines 1326--1326
[][][]\T1/lmr/bx/n/10 Invalid[][]  
 []


Overfull \hbox (5.57216pt too wide) in paragraph at lines 1326--1326
[][][]\T1/lmr/bx/n/10 Mean[][]  
 []


Overfull \hbox (1.18292pt too wide) in paragraph at lines 1326--1326
[][]\T1/lmr/m/n/10 1.12[]  
 []


Overfull \hbox (117.99402pt too wide) in alignment at lines 1326--1326
[][][][][][][][][] 
 []


Overfull \hbox (6.0pt too wide) in paragraph at lines 1335--1336
[][][][][][][] 
 []


Overfull \hbox (6.0pt too wide) in paragraph at lines 1341--1342
[][][][][][][] 
 []


Overfull \hbox (2.72649pt too wide) in paragraph at lines 1462--1462
 [][][]\T1/lmr/bx/n/10 Value[][] 
 []


Overfull \hbox (23.02394pt too wide) in alignment at lines 1462--1462
[][][][] 
 []


Overfull \hbox (1.52516pt too wide) in paragraph at lines 1509--1509
[][][]\T1/lmr/bx/n/10 Valid[][]  
 []


Overfull \hbox (3.65065pt too wide) in paragraph at lines 1509--1509
[][][]\T1/lmr/bx/n/10 Invalid[][]  
 []


Overfull \hbox (7.17198pt too wide) in paragraph at lines 1509--1509
[][][]\T1/lmr/bx/n/10 Median[][]  
 []


Overfull \hbox (4.0679pt too wide) in paragraph at lines 1509--1509
[][][]\T1/lmr/bx/n/10 Mode[][]  
 []


Overfull \hbox (104.99997pt too wide) in alignment at lines 1509--1509
[][][][][][][][] 
 []


Overfull \hbox (6.0pt too wide) in paragraph at lines 1518--1519
[][][][][][][] 
 []


Overfull \hbox (6.0pt too wide) in paragraph at lines 1524--1525
[][][][][][][] 
 []


Overfull \hbox (2.72649pt too wide) in paragraph at lines 1672--1672
 [][][]\T1/lmr/bx/n/10 Value[][] 
 []


Overfull \hbox (23.02394pt too wide) in alignment at lines 1672--1672
[][][][] 
 []


Overfull \hbox (1.52516pt too wide) in paragraph at lines 1719--1719
[][][]\T1/lmr/bx/n/10 Valid[][]  
 []


Overfull \hbox (3.65065pt too wide) in paragraph at lines 1719--1719
[][][]\T1/lmr/bx/n/10 Invalid[][]  
 []


Overfull \hbox (7.17198pt too wide) in paragraph at lines 1719--1719
[][][]\T1/lmr/bx/n/10 Median[][]  
 []


Overfull \hbox (4.0679pt too wide) in paragraph at lines 1719--1719
[][][]\T1/lmr/bx/n/10 Mode[][]  
 []


Overfull \hbox (104.99997pt too wide) in alignment at lines 1719--1719
[][][][][][][][] 
 []

[5]
Overfull \hbox (6.0pt too wide) in paragraph at lines 1728--1729
[][][][][][][] 
 []


Overfull \hbox (6.0pt too wide) in paragraph at lines 1734--1735
[][][][][][][] 
 []


Overfull \hbox (2.72649pt too wide) in paragraph at lines 1828--1828
 [][][]\T1/lmr/bx/n/10 Value[][] 
 []


Overfull \hbox (23.02394pt too wide) in alignment at lines 1828--1828
[][][][] 
 []


Overfull \hbox (1.52516pt too wide) in paragraph at lines 1875--1875
[][][]\T1/lmr/bx/n/10 Valid[][]  
 []


Overfull \hbox (3.65065pt too wide) in paragraph at lines 1875--1875
[][][]\T1/lmr/bx/n/10 Invalid[][]  
 []


Overfull \hbox (7.17198pt too wide) in paragraph at lines 1875--1875
[][][]\T1/lmr/bx/n/10 Median[][]  
 []


Overfull \hbox (4.0679pt too wide) in paragraph at lines 1875--1875
[][][]\T1/lmr/bx/n/10 Mode[][]  
 []


Overfull \hbox (104.99997pt too wide) in alignment at lines 1875--1875
[][][][][][][][] 
 []


Overfull \hbox (6.0pt too wide) in paragraph at lines 1884--1885
[][][][][][][] 
 []


Overfull \hbox (6.0pt too wide) in paragraph at lines 1890--1891
[][][][][][][] 
 []


Overfull \hbox (2.72649pt too wide) in paragraph at lines 2002--2002
 [][][]\T1/lmr/bx/n/10 Value[][] 
 []


Overfull \hbox (23.02394pt too wide) in alignment at lines 2002--2002
[][][][] 
 []


Overfull \hbox (1.52516pt too wide) in paragraph at lines 2049--2049
[][][]\T1/lmr/bx/n/10 Valid[][]  
 []


Overfull \hbox (3.65065pt too wide) in paragraph at lines 2049--2049
[][][]\T1/lmr/bx/n/10 Invalid[][]  
 []


Overfull \hbox (7.17198pt too wide) in paragraph at lines 2049--2049
[][][]\T1/lmr/bx/n/10 Median[][]  
 []


Overfull \hbox (4.0679pt too wide) in paragraph at lines 2049--2049
[][][]\T1/lmr/bx/n/10 Mode[][]  
 []


Overfull \hbox (104.99997pt too wide) in alignment at lines 2049--2049
[][][][][][][][] 
 []

[6]
Overfull \hbox (6.0pt too wide) in paragraph at lines 2058--2059
[][][][][][][] 
 []


Overfull \hbox (6.0pt too wide) in paragraph at lines 2064--2065
[][][][][][][] 
 []


Overfull \hbox (2.72649pt too wide) in paragraph at lines 2203--2203
 [][][]\T1/lmr/bx/n/10 Value[][] 
 []


Overfull \hbox (23.02394pt too wide) in alignment at lines 2203--2203
[][][][] 
 []


Overfull \hbox (1.52516pt too wide) in paragraph at lines 2250--2250
[][][]\T1/lmr/bx/n/10 Valid[][]  
 []


Overfull \hbox (3.65065pt too wide) in paragraph at lines 2250--2250
[][][]\T1/lmr/bx/n/10 Invalid[][]  
 []


Overfull \hbox (7.17198pt too wide) in paragraph at lines 2250--2250
[][][]\T1/lmr/bx/n/10 Median[][]  
 []


Overfull \hbox (4.0679pt too wide) in paragraph at lines 2250--2250
[][][]\T1/lmr/bx/n/10 Mode[][]  
 []


Overfull \hbox (104.99997pt too wide) in alignment at lines 2250--2250
[][][][][][][][] 
 []


Overfull \hbox (6.0pt too wide) in paragraph at lines 2259--2260
[][][][][][][] 
 []


Overfull \hbox (6.0pt too wide) in paragraph at lines 2265--2266
[][][][][][][] 
 []


Overfull \hbox (2.72649pt too wide) in paragraph at lines 2377--2377
 [][][]\T1/lmr/bx/n/10 Value[][] 
 []


Overfull \hbox (23.02394pt too wide) in alignment at lines 2377--2377
[][][][] 
 []


Overfull \hbox (1.52516pt too wide) in paragraph at lines 2424--2424
[][][]\T1/lmr/bx/n/10 Valid[][]  
 []


Overfull \hbox (3.65065pt too wide) in paragraph at lines 2424--2424
[][][]\T1/lmr/bx/n/10 Invalid[][]  
 []


Overfull \hbox (7.17198pt too wide) in paragraph at lines 2424--2424
[][][]\T1/lmr/bx/n/10 Median[][]  
 []


Overfull \hbox (4.0679pt too wide) in paragraph at lines 2424--2424
[][][]\T1/lmr/bx/n/10 Mode[][]  
 []


Overfull \hbox (104.99997pt too wide) in alignment at lines 2424--2424
[][][][][][][][] 
 []


Overfull \hbox (6.0pt too wide) in paragraph at lines 2433--2434
[][][][][][][] 
 []


Overfull \hbox (6.0pt too wide) in paragraph at lines 2439--2440
[][][][][][][] 
 []


Overfull \hbox (2.72649pt too wide) in paragraph at lines 2533--2533
 [][][]\T1/lmr/bx/n/10 Value[][] 
 []


Overfull \hbox (23.02394pt too wide) in alignment at lines 2533--2533
[][][][] 
 []

[7]
Overfull \hbox (1.52516pt too wide) in paragraph at lines 2580--2580
[][][]\T1/lmr/bx/n/10 Valid[][]  
 []


Overfull \hbox (3.65065pt too wide) in paragraph at lines 2580--2580
[][][]\T1/lmr/bx/n/10 Invalid[][]  
 []


Overfull \hbox (7.17198pt too wide) in paragraph at lines 2580--2580
[][][]\T1/lmr/bx/n/10 Median[][]  
 []


Overfull \hbox (4.0679pt too wide) in paragraph at lines 2580--2580
[][][]\T1/lmr/bx/n/10 Mode[][]  
 []


Overfull \hbox (104.99997pt too wide) in alignment at lines 2580--2580
[][][][][][][][] 
 []


Overfull \hbox (6.0pt too wide) in paragraph at lines 2589--2590
[][][][][][][] 
 []


Overfull \hbox (6.0pt too wide) in paragraph at lines 2595--2596
[][][][][][][] 
 []


Overfull \hbox (2.72649pt too wide) in paragraph at lines 2707--2707
 [][][]\T1/lmr/bx/n/10 Value[][] 
 []


Overfull \hbox (23.02394pt too wide) in alignment at lines 2707--2707
[][][][] 
 []


Overfull \hbox (1.52516pt too wide) in paragraph at lines 2754--2754
[][][]\T1/lmr/bx/n/10 Valid[][]  
 []


Overfull \hbox (3.65065pt too wide) in paragraph at lines 2754--2754
[][][]\T1/lmr/bx/n/10 Invalid[][]  
 []


Overfull \hbox (7.17198pt too wide) in paragraph at lines 2754--2754
[][][]\T1/lmr/bx/n/10 Median[][]  
 []


Overfull \hbox (4.0679pt too wide) in paragraph at lines 2754--2754
[][][]\T1/lmr/bx/n/10 Mode[][]  
 []


Overfull \hbox (104.99997pt too wide) in alignment at lines 2754--2754
[][][][][][][][] 
 []


Overfull \hbox (6.0pt too wide) in paragraph at lines 2763--2764
[][][][][][][] 
 []


Overfull \hbox (6.0pt too wide) in paragraph at lines 2769--2770
[][][][][][][] 
 []


Overfull \hbox (2.72649pt too wide) in paragraph at lines 2881--2881
 [][][]\T1/lmr/bx/n/10 Value[][] 
 []


Overfull \hbox (23.02394pt too wide) in alignment at lines 2881--2881
[][][][] 
 []


Overfull \hbox (1.52516pt too wide) in paragraph at lines 2928--2928
[][][]\T1/lmr/bx/n/10 Valid[][]  
 []


Overfull \hbox (3.65065pt too wide) in paragraph at lines 2928--2928
[][][]\T1/lmr/bx/n/10 Invalid[][]  
 []


Overfull \hbox (7.17198pt too wide) in paragraph at lines 2928--2928
[][][]\T1/lmr/bx/n/10 Median[][]  
 []


Overfull \hbox (4.0679pt too wide) in paragraph at lines 2928--2928
[][][]\T1/lmr/bx/n/10 Mode[][]  
 []


Overfull \hbox (104.99997pt too wide) in alignment at lines 2928--2928
[][][][][][][][] 
 []

[8]
Overfull \hbox (6.0pt too wide) in paragraph at lines 2937--2938
[][][][][][][] 
 []


Overfull \hbox (6.0pt too wide) in paragraph at lines 2943--2944
[][][][][][][] 
 []


Underfull \hbox (badness 10000) in alignment at lines 3048--3048
[][][] 
 []


Overfull \hbox (40.96628pt too wide) in paragraph at lines 3048--3049
[][] 
 []


Underfull \hbox (badness 10000) in alignment at lines 3117--3117
[][][] 
 []


Overfull \hbox (40.96628pt too wide) in paragraph at lines 3117--3118
[][] 
 []


Underfull \hbox (badness 10000) in alignment at lines 3186--3186
[][][] 
 []


Overfull \hbox (40.96628pt too wide) in paragraph at lines 3186--3187
[][] 
 []


Underfull \hbox (badness 10000) in alignment at lines 3255--3255
[][][] 
 []


Overfull \hbox (40.96628pt too wide) in paragraph at lines 3255--3256
[][] 
 []


Underfull \hbox (badness 10000) in alignment at lines 3324--3324
[][][] 
 []


Overfull \hbox (40.96628pt too wide) in paragraph at lines 3324--3325
[][] 
 []

[9]
Underfull \hbox (badness 10000) in alignment at lines 3961--3961
[][][] 
 []


Overfull \hbox (40.96628pt too wide) in paragraph at lines 3961--3962
[][] 
 []

[10]
Overfull \vbox (990.4355pt too high) has occurred while \output is active []

[11]
Overfull \hbox (3.50885pt too wide) in paragraph at lines 4010--4010
[][][]\T1/lmr/bx/n/10 Valid[][]  
 []


Overfull \hbox (8.05627pt too wide) in paragraph at lines 4010--4010
[][][]\T1/lmr/bx/n/10 Invalid[][]  
 []


Overfull \hbox (5.57216pt too wide) in paragraph at lines 4010--4010
[][][]\T1/lmr/bx/n/10 Mean[][]  
 []


Overfull \hbox (1.18292pt too wide) in paragraph at lines 4010--4010
[][]\T1/lmr/m/n/10 1.12[]  
 []


Overfull \hbox (117.99402pt too wide) in alignment at lines 4010--4010
[][][][][][][][][] 
 []


Overfull \hbox (6.0pt too wide) in paragraph at lines 4019--4020
[][][][][][][] 
 []


Overfull \hbox (6.0pt too wide) in paragraph at lines 4025--4026
[][][][][][][] 
 []


Overfull \hbox (2.72649pt too wide) in paragraph at lines 4146--4146
 [][][]\T1/lmr/bx/n/10 Value[][] 
 []


Overfull \hbox (23.02394pt too wide) in alignment at lines 4146--4146
[][][][] 
 []


Overfull \hbox (1.52516pt too wide) in paragraph at lines 4193--4193
[][][]\T1/lmr/bx/n/10 Valid[][]  
 []


Overfull \hbox (3.65065pt too wide) in paragraph at lines 4193--4193
[][][]\T1/lmr/bx/n/10 Invalid[][]  
 []


Overfull \hbox (7.17198pt too wide) in paragraph at lines 4193--4193
[][][]\T1/lmr/bx/n/10 Median[][]  
 []


Overfull \hbox (4.0679pt too wide) in paragraph at lines 4193--4193
[][][]\T1/lmr/bx/n/10 Mode[][]  
 []


Overfull \hbox (104.99997pt too wide) in alignment at lines 4193--4193
[][][][][][][][] 
 []


Overfull \hbox (6.0pt too wide) in paragraph at lines 4202--4203
[][][][][][][] 
 []


Overfull \hbox (6.0pt too wide) in paragraph at lines 4208--4209
[][][][][][][] 
 []


Overfull \hbox (2.72649pt too wide) in paragraph at lines 4356--4356
 [][][]\T1/lmr/bx/n/10 Value[][] 
 []


Overfull \hbox (23.02394pt too wide) in alignment at lines 4356--4356
[][][][] 
 []


Overfull \hbox (1.52516pt too wide) in paragraph at lines 4403--4403
[][][]\T1/lmr/bx/n/10 Valid[][]  
 []


Overfull \hbox (3.65065pt too wide) in paragraph at lines 4403--4403
[][][]\T1/lmr/bx/n/10 Invalid[][]  
 []


Overfull \hbox (7.17198pt too wide) in paragraph at lines 4403--4403
[][][]\T1/lmr/bx/n/10 Median[][]  
 []


Overfull \hbox (4.0679pt too wide) in paragraph at lines 4403--4403
[][][]\T1/lmr/bx/n/10 Mode[][]  
 []


Overfull \hbox (104.99997pt too wide) in alignment at lines 4403--4403
[][][][][][][][] 
 []

[12]
Overfull \hbox (6.0pt too wide) in paragraph at lines 4412--4413
[][][][][][][] 
 []


Overfull \hbox (6.0pt too wide) in paragraph at lines 4418--4419
[][][][][][][] 
 []


Overfull \hbox (2.72649pt too wide) in paragraph at lines 4512--4512
 [][][]\T1/lmr/bx/n/10 Value[][] 
 []


Overfull \hbox (23.02394pt too wide) in alignment at lines 4512--4512
[][][][] 
 []


Overfull \hbox (1.52516pt too wide) in paragraph at lines 4559--4559
[][][]\T1/lmr/bx/n/10 Valid[][]  
 []


Overfull \hbox (3.65065pt too wide) in paragraph at lines 4559--4559
[][][]\T1/lmr/bx/n/10 Invalid[][]  
 []


Overfull \hbox (7.17198pt too wide) in paragraph at lines 4559--4559
[][][]\T1/lmr/bx/n/10 Median[][]  
 []


Overfull \hbox (4.0679pt too wide) in paragraph at lines 4559--4559
[][][]\T1/lmr/bx/n/10 Mode[][]  
 []


Overfull \hbox (104.99997pt too wide) in alignment at lines 4559--4559
[][][][][][][][] 
 []


Overfull \hbox (6.0pt too wide) in paragraph at lines 4568--4569
[][][][][][][] 
 []


Overfull \hbox (6.0pt too wide) in paragraph at lines 4574--4575
[][][][][][][] 
 []


Overfull \hbox (2.72649pt too wide) in paragraph at lines 4686--4686
 [][][]\T1/lmr/bx/n/10 Value[][] 
 []


Overfull \hbox (23.02394pt too wide) in alignment at lines 4686--4686
[][][][] 
 []


Overfull \hbox (1.52516pt too wide) in paragraph at lines 4733--4733
[][][]\T1/lmr/bx/n/10 Valid[][]  
 []


Overfull \hbox (3.65065pt too wide) in paragraph at lines 4733--4733
[][][]\T1/lmr/bx/n/10 Invalid[][]  
 []


Overfull \hbox (7.17198pt too wide) in paragraph at lines 4733--4733
[][][]\T1/lmr/bx/n/10 Median[][]  
 []


Overfull \hbox (4.0679pt too wide) in paragraph at lines 4733--4733
[][][]\T1/lmr/bx/n/10 Mode[][]  
 []


Overfull \hbox (104.99997pt too wide) in alignment at lines 4733--4733
[][][][][][][][] 
 []

[13]
Overfull \hbox (6.0pt too wide) in paragraph at lines 4742--4743
[][][][][][][] 
 []


Overfull \hbox (6.0pt too wide) in paragraph at lines 4748--4749
[][][][][][][] 
 []


Overfull \hbox (2.72649pt too wide) in paragraph at lines 4887--4887
 [][][]\T1/lmr/bx/n/10 Value[][] 
 []


Overfull \hbox (23.02394pt too wide) in alignment at lines 4887--4887
[][][][] 
 []


Overfull \hbox (1.52516pt too wide) in paragraph at lines 4934--4934
[][][]\T1/lmr/bx/n/10 Valid[][]  
 []


Overfull \hbox (3.65065pt too wide) in paragraph at lines 4934--4934
[][][]\T1/lmr/bx/n/10 Invalid[][]  
 []


Overfull \hbox (7.17198pt too wide) in paragraph at lines 4934--4934
[][][]\T1/lmr/bx/n/10 Median[][]  
 []


Overfull \hbox (4.0679pt too wide) in paragraph at lines 4934--4934
[][][]\T1/lmr/bx/n/10 Mode[][]  
 []


Overfull \hbox (104.99997pt too wide) in alignment at lines 4934--4934
[][][][][][][][] 
 []


Overfull \hbox (6.0pt too wide) in paragraph at lines 4943--4944
[][][][][][][] 
 []


Overfull \hbox (6.0pt too wide) in paragraph at lines 4949--4950
[][][][][][][] 
 []


Overfull \hbox (2.72649pt too wide) in paragraph at lines 5061--5061
 [][][]\T1/lmr/bx/n/10 Value[][] 
 []


Overfull \hbox (23.02394pt too wide) in alignment at lines 5061--5061
[][][][] 
 []


Overfull \hbox (1.52516pt too wide) in paragraph at lines 5108--5108
[][][]\T1/lmr/bx/n/10 Valid[][]  
 []


Overfull \hbox (3.65065pt too wide) in paragraph at lines 5108--5108
[][][]\T1/lmr/bx/n/10 Invalid[][]  
 []


Overfull \hbox (7.17198pt too wide) in paragraph at lines 5108--5108
[][][]\T1/lmr/bx/n/10 Median[][]  
 []


Overfull \hbox (4.0679pt too wide) in paragraph at lines 5108--5108
[][][]\T1/lmr/bx/n/10 Mode[][]  
 []


Overfull \hbox (104.99997pt too wide) in alignment at lines 5108--5108
[][][][][][][][] 
 []


Overfull \hbox (6.0pt too wide) in paragraph at lines 5117--5118
[][][][][][][] 
 []


Overfull \hbox (6.0pt too wide) in paragraph at lines 5123--5124
[][][][][][][] 
 []


Overfull \hbox (2.72649pt too wide) in paragraph at lines 5217--5217
 [][][]\T1/lmr/bx/n/10 Value[][] 
 []


Overfull \hbox (23.02394pt too wide) in alignment at lines 5217--5217
[][][][] 
 []

[14]
Overfull \hbox (1.52516pt too wide) in paragraph at lines 5264--5264
[][][]\T1/lmr/bx/n/10 Valid[][]  
 []


Overfull \hbox (3.65065pt too wide) in paragraph at lines 5264--5264
[][][]\T1/lmr/bx/n/10 Invalid[][]  
 []


Overfull \hbox (7.17198pt too wide) in paragraph at lines 5264--5264
[][][]\T1/lmr/bx/n/10 Median[][]  
 []


Overfull \hbox (4.0679pt too wide) in paragraph at lines 5264--5264
[][][]\T1/lmr/bx/n/10 Mode[][]  
 []


Overfull \hbox (104.99997pt too wide) in alignment at lines 5264--5264
[][][][][][][][] 
 []


Overfull \hbox (6.0pt too wide) in paragraph at lines 5273--5274
[][][][][][][] 
 []


Overfull \hbox (6.0pt too wide) in paragraph at lines 5279--5280
[][][][][][][] 
 []


Overfull \hbox (2.72649pt too wide) in paragraph at lines 5391--5391
 [][][]\T1/lmr/bx/n/10 Value[][] 
 []


Overfull \hbox (23.02394pt too wide) in alignment at lines 5391--5391
[][][][] 
 []


Overfull \hbox (1.52516pt too wide) in paragraph at lines 5438--5438
[][][]\T1/lmr/bx/n/10 Valid[][]  
 []


Overfull \hbox (3.65065pt too wide) in paragraph at lines 5438--5438
[][][]\T1/lmr/bx/n/10 Invalid[][]  
 []


Overfull \hbox (7.17198pt too wide) in paragraph at lines 5438--5438
[][][]\T1/lmr/bx/n/10 Median[][]  
 []


Overfull \hbox (4.0679pt too wide) in paragraph at lines 5438--5438
[][][]\T1/lmr/bx/n/10 Mode[][]  
 []


Overfull \hbox (104.99997pt too wide) in alignment at lines 5438--5438
[][][][][][][][] 
 []


Overfull \hbox (6.0pt too wide) in paragraph at lines 5447--5448
[][][][][][][] 
 []


Overfull \hbox (6.0pt too wide) in paragraph at lines 5453--5454
[][][][][][][] 
 []


Overfull \hbox (2.72649pt too wide) in paragraph at lines 5565--5565
 [][][]\T1/lmr/bx/n/10 Value[][] 
 []


Overfull \hbox (23.02394pt too wide) in alignment at lines 5565--5565
[][][][] 
 []


Overfull \hbox (1.52516pt too wide) in paragraph at lines 5612--5612
[][][]\T1/lmr/bx/n/10 Valid[][]  
 []


Overfull \hbox (3.65065pt too wide) in paragraph at lines 5612--5612
[][][]\T1/lmr/bx/n/10 Invalid[][]  
 []


Overfull \hbox (7.17198pt too wide) in paragraph at lines 5612--5612
[][][]\T1/lmr/bx/n/10 Median[][]  
 []


Overfull \hbox (4.0679pt too wide) in paragraph at lines 5612--5612
[][][]\T1/lmr/bx/n/10 Mode[][]  
 []


Overfull \hbox (104.99997pt too wide) in alignment at lines 5612--5612
[][][][][][][][] 
 []

[15] (./codebook_template.aux)

LaTeX Warning: There were undefined references.


LaTeX Warning: There were multiply-defined labels.

Package rerunfilecheck Info: File `codebook_template.out' has not changed.
(rerunfilecheck)             Checksum: D41D8CD98F00B204E9800998ECF8427E;0.
 ) 
Here is how much of TeX's memory you used:
 16303 strings out of 477035
 304600 string characters out of 5826727
 850734 words of memory out of 5000000
 37169 multiletter control sequences out of 15000+600000
 493937 words of font info for 50 fonts, out of 8000000 for 9000
 14 hyphenation exceptions out of 8191
 72i,14n,77p,371b,903s stack positions out of 10000i,1000n,20000p,200000b,200000s
{c:/Users/gavin/AppData/Roaming/TinyTeX/texmf-dist/fonts/enc/dvips/lm/lm-mathit.enc}{c:/Users/gavin/AppData/Roaming/TinyTeX/texmf-dist/fonts/enc/dvips/lm/lm-ec.enc}<c:/Users/gavin/AppData/Roaming/TinyTeX/texmf-dist/fonts/type1/public/lm/lmbx10.pfb><c:/Users/gavin/AppData/Roaming/TinyTeX/texmf-dist/fonts/type1/public/lm/lmmi10.pfb><c:/Users/gavin/AppData/Roaming/TinyTeX/texmf-dist/fonts/type1/public/lm/lmr10.pfb><c:/Users/gavin/AppData/Roaming/TinyTeX/texmf-dist/fonts/type1/public/lm/lmr12.pfb><c:/Users/gavin/AppData/Roaming/TinyTeX/texmf-dist/fonts/type1/public/lm/lmr17.pfb><c:/Users/gavin/AppData/Roaming/TinyTeX/texmf-dist/fonts/type1/public/lm/lmtt12.pfb>
Output written on codebook_template.pdf (16 pages, 184916 bytes).
PDF statistics:
 141 PDF objects out of 1000 (max. 8388607)
 109 compressed objects within 2 object streams
 34 named destinations out of 1000 (max. 500000)
 1 words of extra memory for PDF output out of 10000 (max. 10000000)

